2019-04-07 00:33:15,145 [Worker-13] INFO  o.e.m.c.i.l.LifecycleMappingFactory - Using org.eclipse.m2e.jdt.JarLifecycleMapping lifecycle mapping for MavenProject: com.ankush.spring:HelloSpring:0.0.1-SNAPSHOT @ /home/ankush/Github/Java-Sample/HelloSpring/pom.xml.
2019-04-07 00:33:16,969 [Worker-13] INFO  o.e.m.j.i.AbstractJavaProjectConfigurator - Adding source folder /HelloSpring/src/main/java
2019-04-07 00:33:16,972 [Worker-13] INFO  o.e.m.j.i.AbstractJavaProjectConfigurator - Adding resource folder /HelloSpring/src/main/resources
2019-04-07 00:33:16,973 [Worker-13] INFO  o.e.m.j.i.AbstractJavaProjectConfigurator - Adding source folder /HelloSpring/src/test/java
2019-04-07 00:33:16,974 [Worker-13] INFO  o.e.m.j.i.AbstractJavaProjectConfigurator - Adding resource folder /HelloSpring/src/test/resources
2019-04-07 00:33:18,951 [Worker-0] WARN  o.e.m.c.i.embedder.EclipseLogger - Using platform encoding (UTF-8 actually) to copy filtered resources, i.e. build is platform dependent!
2019-04-07 00:33:18,988 [Worker-0] INFO  o.e.m.c.i.embedder.EclipseLogger - Copying 0 resource
2019-04-07 00:33:18,992 [Worker-0] WARN  o.e.m.c.i.embedder.EclipseLogger - Using platform encoding (UTF-8 actually) to copy filtered resources, i.e. build is platform dependent!
2019-04-07 00:33:18,993 [Worker-0] INFO  o.e.m.c.i.embedder.EclipseLogger - Copying 0 resource
2019-04-07 00:34:12,155 [Worker-2] INFO  o.e.m.c.i.l.LifecycleMappingFactory - Using org.eclipse.m2e.jdt.JarLifecycleMapping lifecycle mapping for MavenProject: com.ankush.spring:HelloSpring:0.0.1-SNAPSHOT @ /home/ankush/Github/Java-Sample/HelloSpring/pom.xml.
2019-04-07 00:34:14,497 [Worker-2] INFO  o.e.m.c.i.e.AbstractTransferListenerAdapter - Downloading https://repo.maven.apache.org/maven2/org/springframework/spring-core/3.2.3.RELEASE/spring-core-3.2.3.RELEASE.pom
2019-04-07 00:34:15,097 [Worker-2] INFO  o.e.m.c.i.e.AbstractTransferListenerAdapter - Downloaded https://repo.maven.apache.org/maven2/org/springframework/spring-core/3.2.3.RELEASE/spring-core-3.2.3.RELEASE.pom
2019-04-07 00:34:15,508 [Worker-2] INFO  o.e.m.c.i.e.AbstractTransferListenerAdapter - Downloading https://repo.maven.apache.org/maven2/org/springframework/spring-context/3.2.3.RELEASE/spring-context-3.2.3.RELEASE.pom
2019-04-07 00:34:15,877 [Worker-2] INFO  o.e.m.c.i.e.AbstractTransferListenerAdapter - Downloaded https://repo.maven.apache.org/maven2/org/springframework/spring-context/3.2.3.RELEASE/spring-context-3.2.3.RELEASE.pom
2019-04-07 00:34:16,325 [Worker-2] INFO  o.e.m.c.i.e.AbstractTransferListenerAdapter - Downloading https://repo.maven.apache.org/maven2/org/springframework/spring-aop/3.2.3.RELEASE/spring-aop-3.2.3.RELEASE.pom
2019-04-07 00:34:16,632 [Worker-2] INFO  o.e.m.c.i.e.AbstractTransferListenerAdapter - Downloaded https://repo.maven.apache.org/maven2/org/springframework/spring-aop/3.2.3.RELEASE/spring-aop-3.2.3.RELEASE.pom
2019-04-07 00:34:17,349 [Worker-2] INFO  o.e.m.c.i.e.AbstractTransferListenerAdapter - Downloading https://repo.maven.apache.org/maven2/org/springframework/spring-beans/3.2.3.RELEASE/spring-beans-3.2.3.RELEASE.pom
2019-04-07 00:34:17,963 [Worker-2] INFO  o.e.m.c.i.e.AbstractTransferListenerAdapter - Downloaded https://repo.maven.apache.org/maven2/org/springframework/spring-beans/3.2.3.RELEASE/spring-beans-3.2.3.RELEASE.pom
2019-04-07 00:34:18,578 [Worker-2] INFO  o.e.m.c.i.e.AbstractTransferListenerAdapter - Downloading https://repo.maven.apache.org/maven2/org/springframework/spring-expression/3.2.3.RELEASE/spring-expression-3.2.3.RELEASE.pom
2019-04-07 00:34:18,885 [Worker-2] INFO  o.e.m.c.i.e.AbstractTransferListenerAdapter - Downloaded https://repo.maven.apache.org/maven2/org/springframework/spring-expression/3.2.3.RELEASE/spring-expression-3.2.3.RELEASE.pom
2019-04-07 00:34:19,194 [Worker-2] INFO  o.e.m.c.i.e.AbstractTransferListenerAdapter - Downloading https://repo.maven.apache.org/maven2/org/springframework/spring-core/3.2.3.RELEASE/spring-core-3.2.3.RELEASE.jar
2019-04-07 00:34:25,363 [Worker-2] INFO  o.e.m.c.i.e.AbstractTransferListenerAdapter - Downloaded https://repo.maven.apache.org/maven2/org/springframework/spring-core/3.2.3.RELEASE/spring-core-3.2.3.RELEASE.jar
2019-04-07 00:34:25,608 [Worker-2] INFO  o.e.m.c.i.e.AbstractTransferListenerAdapter - Downloading https://repo.maven.apache.org/maven2/org/springframework/spring-context/3.2.3.RELEASE/spring-context-3.2.3.RELEASE.jar
2019-04-07 00:34:26,650 [Worker-17] INFO  o.e.m.c.i.e.AbstractTransferListenerAdapter - Downloading https://repo.maven.apache.org/maven2/org/springframework/spring-core/3.2.3.RELEASE/spring-core-3.2.3.RELEASE.jar
2019-04-07 00:34:27,082 [Worker-2] INFO  o.e.m.c.i.e.AbstractTransferListenerAdapter - Downloaded https://repo.maven.apache.org/maven2/org/springframework/spring-context/3.2.3.RELEASE/spring-context-3.2.3.RELEASE.jar
2019-04-07 00:34:27,427 [Worker-2] INFO  o.e.m.c.i.e.AbstractTransferListenerAdapter - Downloading https://repo.maven.apache.org/maven2/org/springframework/spring-aop/3.2.3.RELEASE/spring-aop-3.2.3.RELEASE.jar
2019-04-07 00:34:28,025 [Worker-2] INFO  o.e.m.c.i.e.AbstractTransferListenerAdapter - Downloaded https://repo.maven.apache.org/maven2/org/springframework/spring-aop/3.2.3.RELEASE/spring-aop-3.2.3.RELEASE.jar
2019-04-07 00:34:28,286 [Worker-2] INFO  o.e.m.c.i.e.AbstractTransferListenerAdapter - Downloading https://repo.maven.apache.org/maven2/org/springframework/spring-beans/3.2.3.RELEASE/spring-beans-3.2.3.RELEASE.jar
2019-04-07 00:34:29,358 [Worker-2] INFO  o.e.m.c.i.e.AbstractTransferListenerAdapter - Downloaded https://repo.maven.apache.org/maven2/org/springframework/spring-beans/3.2.3.RELEASE/spring-beans-3.2.3.RELEASE.jar
2019-04-07 00:34:29,358 [Worker-17] INFO  o.e.m.c.i.e.AbstractTransferListenerAdapter - Downloaded https://repo.maven.apache.org/maven2/org/springframework/spring-core/3.2.3.RELEASE/spring-core-3.2.3.RELEASE.jar
2019-04-07 00:34:29,745 [Worker-17] INFO  o.e.m.c.i.e.AbstractTransferListenerAdapter - Downloading https://repo.maven.apache.org/maven2/org/springframework/spring-context/3.2.3.RELEASE/spring-context-3.2.3.RELEASE.jar
2019-04-07 00:34:29,840 [Worker-2] INFO  o.e.m.c.i.e.AbstractTransferListenerAdapter - Downloading https://repo.maven.apache.org/maven2/org/springframework/spring-expression/3.2.3.RELEASE/spring-expression-3.2.3.RELEASE.jar
2019-04-07 00:34:30,219 [Worker-2] INFO  o.e.m.c.i.e.AbstractTransferListenerAdapter - Downloaded https://repo.maven.apache.org/maven2/org/springframework/spring-expression/3.2.3.RELEASE/spring-expression-3.2.3.RELEASE.jar
2019-04-07 00:34:31,297 [Worker-17] INFO  o.e.m.c.i.e.AbstractTransferListenerAdapter - Downloaded https://repo.maven.apache.org/maven2/org/springframework/spring-context/3.2.3.RELEASE/spring-context-3.2.3.RELEASE.jar
2019-04-07 00:34:31,712 [Worker-17] INFO  o.e.m.c.i.e.AbstractTransferListenerAdapter - Downloading https://repo.maven.apache.org/maven2/org/springframework/spring-aop/3.2.3.RELEASE/spring-aop-3.2.3.RELEASE.jar
2019-04-07 00:34:31,757 [Worker-2] WARN  o.e.m.c.i.embedder.EclipseLogger - Using platform encoding (UTF-8 actually) to copy filtered resources, i.e. build is platform dependent!
2019-04-07 00:34:31,836 [Worker-2] INFO  o.e.m.c.i.embedder.EclipseLogger - Copying 0 resource
2019-04-07 00:34:31,842 [Worker-2] WARN  o.e.m.c.i.embedder.EclipseLogger - Using platform encoding (UTF-8 actually) to copy filtered resources, i.e. build is platform dependent!
2019-04-07 00:34:31,843 [Worker-2] INFO  o.e.m.c.i.embedder.EclipseLogger - Copying 0 resource
2019-04-07 00:34:32,304 [Worker-17] INFO  o.e.m.c.i.e.AbstractTransferListenerAdapter - Downloaded https://repo.maven.apache.org/maven2/org/springframework/spring-aop/3.2.3.RELEASE/spring-aop-3.2.3.RELEASE.jar
2019-04-07 00:34:32,613 [Worker-17] INFO  o.e.m.c.i.e.AbstractTransferListenerAdapter - Downloading https://repo.maven.apache.org/maven2/org/springframework/spring-beans/3.2.3.RELEASE/spring-beans-3.2.3.RELEASE.jar
2019-04-07 00:34:33,399 [Worker-17] INFO  o.e.m.c.i.e.AbstractTransferListenerAdapter - Downloaded https://repo.maven.apache.org/maven2/org/springframework/spring-beans/3.2.3.RELEASE/spring-beans-3.2.3.RELEASE.jar
2019-04-07 00:34:33,944 [Worker-17] INFO  o.e.m.c.i.e.AbstractTransferListenerAdapter - Downloading https://repo.maven.apache.org/maven2/org/springframework/spring-expression/3.2.3.RELEASE/spring-expression-3.2.3.RELEASE.jar
2019-04-07 00:34:34,248 [Worker-17] INFO  o.e.m.c.i.e.AbstractTransferListenerAdapter - Downloaded https://repo.maven.apache.org/maven2/org/springframework/spring-expression/3.2.3.RELEASE/spring-expression-3.2.3.RELEASE.jar
2019-04-07 00:35:39,888 [Worker-0] INFO  o.e.m.c.i.p.ProjectConfigurationManager - Update started
2019-04-07 00:35:40,796 [Worker-0] INFO  o.e.m.c.i.l.LifecycleMappingFactory - Using org.eclipse.m2e.jdt.JarLifecycleMapping lifecycle mapping for MavenProject: com.ankush.spring:HelloSpring:0.0.1-SNAPSHOT @ /home/ankush/Github/Java-Sample/HelloSpring/pom.xml.
2019-04-07 00:35:41,213 [Worker-0] INFO  o.e.m.j.i.AbstractJavaProjectConfigurator - Adding source folder /HelloSpring/src/main/java
2019-04-07 00:35:41,213 [Worker-0] INFO  o.e.m.j.i.AbstractJavaProjectConfigurator - Adding resource folder /HelloSpring/src/main/resources
2019-04-07 00:35:41,214 [Worker-0] INFO  o.e.m.j.i.AbstractJavaProjectConfigurator - Adding source folder /HelloSpring/src/test/java
2019-04-07 00:35:41,214 [Worker-0] INFO  o.e.m.j.i.AbstractJavaProjectConfigurator - Adding resource folder /HelloSpring/src/test/resources
2019-04-07 00:35:41,492 [Worker-0] INFO  o.e.m.c.i.p.ProjectConfigurationManager - Update completed: 1 sec
2019-04-07 00:35:41,735 [Worker-2] WARN  o.e.m.c.i.embedder.EclipseLogger - Using platform encoding (UTF-8 actually) to copy filtered resources, i.e. build is platform dependent!
2019-04-07 00:35:41,736 [Worker-2] INFO  o.e.m.c.i.embedder.EclipseLogger - Copying 0 resource
2019-04-07 00:35:41,739 [Worker-2] WARN  o.e.m.c.i.embedder.EclipseLogger - Using platform encoding (UTF-8 actually) to copy filtered resources, i.e. build is platform dependent!
2019-04-07 00:35:41,740 [Worker-2] INFO  o.e.m.c.i.embedder.EclipseLogger - Copying 0 resource
2019-04-07 00:36:34,194 [Worker-19] WARN  o.e.m.c.i.embedder.EclipseLogger - Using platform encoding (UTF-8 actually) to copy filtered resources, i.e. build is platform dependent!
2019-04-07 00:36:34,197 [Worker-19] INFO  o.e.m.c.i.embedder.EclipseLogger - Copying 0 resource
2019-04-07 00:36:34,199 [Worker-19] WARN  o.e.m.c.i.embedder.EclipseLogger - Using platform encoding (UTF-8 actually) to copy filtered resources, i.e. build is platform dependent!
2019-04-07 00:36:34,200 [Worker-19] INFO  o.e.m.c.i.embedder.EclipseLogger - Copying 0 resource
2019-04-07 00:37:07,159 [Worker-19] WARN  o.e.m.c.i.embedder.EclipseLogger - Using platform encoding (UTF-8 actually) to copy filtered resources, i.e. build is platform dependent!
2019-04-07 00:37:07,169 [Worker-19] INFO  o.e.m.c.i.embedder.EclipseLogger - Copying 0 resource
2019-04-07 00:37:07,172 [Worker-19] WARN  o.e.m.c.i.embedder.EclipseLogger - Using platform encoding (UTF-8 actually) to copy filtered resources, i.e. build is platform dependent!
2019-04-07 00:37:07,184 [Worker-19] INFO  o.e.m.c.i.embedder.EclipseLogger - Copying 0 resource
2019-04-20 14:36:43,120 [ModalContext] INFO  o.e.m.c.i.e.AbstractTransferListenerAdapter - Downloading https://repo.maven.apache.org/maven2/org/apache/maven/archetypes/maven-archetype-webapp/1.0/maven-archetype-webapp-1.0.jar
2019-04-20 14:36:43,852 [ModalContext] INFO  o.e.m.c.i.e.AbstractTransferListenerAdapter - Downloaded https://repo.maven.apache.org/maven2/org/apache/maven/archetypes/maven-archetype-webapp/1.0/maven-archetype-webapp-1.0.jar
2019-04-20 14:36:44,159 [ModalContext] INFO  o.e.m.c.i.e.AbstractTransferListenerAdapter - Downloading https://repo.maven.apache.org/maven2/org/apache/maven/archetypes/maven-archetype-webapp/1.0/maven-archetype-webapp-1.0.pom
2019-04-20 14:36:44,671 [ModalContext] INFO  o.e.m.c.i.e.AbstractTransferListenerAdapter - Downloaded https://repo.maven.apache.org/maven2/org/apache/maven/archetypes/maven-archetype-webapp/1.0/maven-archetype-webapp-1.0.pom
2019-04-20 14:37:07,541 [Worker-24] INFO  o.e.m.c.i.p.ProjectConfigurationManager - Collecting project info '/pom.xml' /home/ankush/Github/Java-Sample/ProjectMart/pom.xml
2019-04-20 14:37:10,169 [Worker-24] INFO  o.e.m.c.i.e.AbstractTransferListenerAdapter - Downloading https://repo.maven.apache.org/maven2/org/apache/maven/plugins/maven-war-plugin/2.2/maven-war-plugin-2.2.jar
2019-04-20 14:37:11,088 [Worker-24] INFO  o.e.m.c.i.e.AbstractTransferListenerAdapter - Downloaded https://repo.maven.apache.org/maven2/org/apache/maven/plugins/maven-war-plugin/2.2/maven-war-plugin-2.2.jar
2019-04-20 14:37:14,821 [Worker-24] INFO  o.e.m.c.i.l.LifecycleMappingFactory - Using org.maven.ide.eclipse.wtp.WarLifecycleMapping lifecycle mapping for MavenProject: org.ankush.webservice:ProjectMart:0.0.1-SNAPSHOT @ /home/ankush/Github/Java-Sample/ProjectMart/pom.xml.
2019-04-20 14:37:16,618 [Worker-24] INFO  o.e.m.c.i.e.AbstractTransferListenerAdapter - Downloading https://repo.maven.apache.org/maven2/org/apache/maven/plugins/maven-war-plugin/2.2/maven-war-plugin-2.2.pom
2019-04-20 14:37:16,924 [Worker-24] INFO  o.e.m.c.i.e.AbstractTransferListenerAdapter - Downloaded https://repo.maven.apache.org/maven2/org/apache/maven/plugins/maven-war-plugin/2.2/maven-war-plugin-2.2.pom
2019-04-20 14:37:17,848 [Worker-24] INFO  o.e.m.c.i.e.AbstractTransferListenerAdapter - Downloading https://repo.maven.apache.org/maven2/com/thoughtworks/xstream/xstream/1.3.1/xstream-1.3.1.pom
2019-04-20 14:37:18,175 [Worker-24] INFO  o.e.m.c.i.e.AbstractTransferListenerAdapter - Downloaded https://repo.maven.apache.org/maven2/com/thoughtworks/xstream/xstream/1.3.1/xstream-1.3.1.pom
2019-04-20 14:37:18,461 [Worker-24] INFO  o.e.m.c.i.e.AbstractTransferListenerAdapter - Downloading https://repo.maven.apache.org/maven2/com/thoughtworks/xstream/xstream-parent/1.3.1/xstream-parent-1.3.1.pom
2019-04-20 14:37:18,869 [Worker-24] INFO  o.e.m.c.i.e.AbstractTransferListenerAdapter - Downloaded https://repo.maven.apache.org/maven2/com/thoughtworks/xstream/xstream-parent/1.3.1/xstream-parent-1.3.1.pom
2019-04-20 14:37:19,484 [Worker-24] INFO  o.e.m.c.i.e.AbstractTransferListenerAdapter - Downloading https://repo.maven.apache.org/maven2/org/apache/maven/shared/maven-filtering/1.0-beta-2/maven-filtering-1.0-beta-2.pom
2019-04-20 14:37:19,791 [Worker-24] INFO  o.e.m.c.i.e.AbstractTransferListenerAdapter - Downloaded https://repo.maven.apache.org/maven2/org/apache/maven/shared/maven-filtering/1.0-beta-2/maven-filtering-1.0-beta-2.pom
2019-04-20 14:37:20,508 [Worker-24] INFO  o.e.m.c.i.e.AbstractTransferListenerAdapter - Downloading https://repo.maven.apache.org/maven2/org/codehaus/plexus/plexus-interpolation/1.6/plexus-interpolation-1.6.pom
2019-04-20 14:37:21,122 [Worker-24] INFO  o.e.m.c.i.e.AbstractTransferListenerAdapter - Downloaded https://repo.maven.apache.org/maven2/org/codehaus/plexus/plexus-interpolation/1.6/plexus-interpolation-1.6.pom
2019-04-20 14:37:21,738 [Worker-24] INFO  o.e.m.c.i.e.AbstractTransferListenerAdapter - Downloading https://repo.maven.apache.org/maven2/com/thoughtworks/xstream/xstream/1.3.1/xstream-1.3.1.jar
2019-04-20 14:37:23,579 [Worker-24] INFO  o.e.m.c.i.e.AbstractTransferListenerAdapter - Downloaded https://repo.maven.apache.org/maven2/com/thoughtworks/xstream/xstream/1.3.1/xstream-1.3.1.jar
2019-04-20 14:37:23,991 [Worker-24] INFO  o.e.m.c.i.e.AbstractTransferListenerAdapter - Downloading https://repo.maven.apache.org/maven2/org/apache/maven/shared/maven-filtering/1.0-beta-2/maven-filtering-1.0-beta-2.jar
2019-04-20 14:37:24,296 [Worker-24] INFO  o.e.m.c.i.e.AbstractTransferListenerAdapter - Downloaded https://repo.maven.apache.org/maven2/org/apache/maven/shared/maven-filtering/1.0-beta-2/maven-filtering-1.0-beta-2.jar
2019-04-20 14:37:26,213 [Worker-24] INFO  o.e.m.j.i.AbstractJavaProjectConfigurator - Adding source folder /ProjectMart/src/main/java
2019-04-20 14:37:26,213 [Worker-24] INFO  o.e.m.j.i.AbstractJavaProjectConfigurator - Adding resource folder /ProjectMart/src/main/resources
2019-04-20 14:37:26,214 [Worker-24] INFO  o.e.m.j.i.AbstractJavaProjectConfigurator - Adding source folder /ProjectMart/src/test/java
2019-04-20 14:37:31,164 [Worker-24] INFO  o.e.m.c.i.p.ProjectConfigurationManager - Imported and configured 1 project(s) in 23 sec
2019-04-20 14:37:32,372 [Worker-23] WARN  o.e.m.c.i.embedder.EclipseLogger - Using platform encoding (UTF-8 actually) to copy filtered resources, i.e. build is platform dependent!
2019-04-20 14:37:32,588 [Worker-23] INFO  o.e.m.c.i.embedder.EclipseLogger - Copying 0 resource
2019-04-20 14:37:32,599 [Worker-23] WARN  o.e.m.c.i.embedder.EclipseLogger - Using platform encoding (UTF-8 actually) to copy filtered resources, i.e. build is platform dependent!
2019-04-20 14:37:32,601 [Worker-23] INFO  o.e.m.c.i.embedder.EclipseLogger - skip non existing resourceDirectory /home/ankush/Github/Java-Sample/ProjectMart/src/test/resources
2019-04-20 14:38:18,440 [Worker-28] WARN  o.e.m.c.i.embedder.EclipseLogger - Using platform encoding (UTF-8 actually) to copy filtered resources, i.e. build is platform dependent!
2019-04-20 14:38:18,466 [Worker-28] INFO  o.e.m.c.i.embedder.EclipseLogger - Copying 0 resource
2019-04-20 14:38:18,469 [Worker-28] WARN  o.e.m.c.i.embedder.EclipseLogger - Using platform encoding (UTF-8 actually) to copy filtered resources, i.e. build is platform dependent!
2019-04-20 14:38:18,469 [Worker-28] INFO  o.e.m.c.i.embedder.EclipseLogger - skip non existing resourceDirectory /home/ankush/Github/Java-Sample/ProjectMart/src/test/resources
2019-04-20 14:38:52,361 [Worker-29] WARN  o.e.m.c.i.embedder.EclipseLogger - Using platform encoding (UTF-8 actually) to copy filtered resources, i.e. build is platform dependent!
2019-04-20 14:38:52,382 [Worker-29] INFO  o.e.m.c.i.embedder.EclipseLogger - Copying 0 resource
2019-04-20 14:38:52,384 [Worker-29] WARN  o.e.m.c.i.embedder.EclipseLogger - Using platform encoding (UTF-8 actually) to copy filtered resources, i.e. build is platform dependent!
2019-04-20 14:38:52,385 [Worker-29] INFO  o.e.m.c.i.embedder.EclipseLogger - skip non existing resourceDirectory /home/ankush/Github/Java-Sample/ProjectMart/src/test/resources
2019-04-20 14:39:21,460 [Worker-24] WARN  o.e.m.c.i.embedder.EclipseLogger - Using platform encoding (UTF-8 actually) to copy filtered resources, i.e. build is platform dependent!
2019-04-20 14:39:21,464 [Worker-24] INFO  o.e.m.c.i.embedder.EclipseLogger - Copying 1 resource
2019-04-20 14:39:21,508 [Worker-24] WARN  o.e.m.c.i.embedder.EclipseLogger - Using platform encoding (UTF-8 actually) to copy filtered resources, i.e. build is platform dependent!
2019-04-20 14:39:21,509 [Worker-24] INFO  o.e.m.c.i.embedder.EclipseLogger - skip non existing resourceDirectory /home/ankush/Github/Java-Sample/ProjectMart/src/test/resources
2019-04-20 14:40:24,681 [Worker-29] WARN  o.e.m.c.i.embedder.EclipseLogger - Using platform encoding (UTF-8 actually) to copy filtered resources, i.e. build is platform dependent!
2019-04-20 14:40:24,683 [Worker-29] INFO  o.e.m.c.i.embedder.EclipseLogger - Copying 1 resource
2019-04-20 14:40:24,689 [Worker-29] WARN  o.e.m.c.i.embedder.EclipseLogger - Using platform encoding (UTF-8 actually) to copy filtered resources, i.e. build is platform dependent!
2019-04-20 14:40:24,690 [Worker-29] INFO  o.e.m.c.i.embedder.EclipseLogger - skip non existing resourceDirectory /home/ankush/Github/Java-Sample/ProjectMart/src/test/resources
2019-04-20 14:40:43,437 [Worker-22] WARN  o.e.m.c.i.embedder.EclipseLogger - Using platform encoding (UTF-8 actually) to copy filtered resources, i.e. build is platform dependent!
2019-04-20 14:40:43,443 [Worker-22] INFO  o.e.m.c.i.embedder.EclipseLogger - Copying 1 resource
2019-04-20 14:40:43,447 [Worker-22] WARN  o.e.m.c.i.embedder.EclipseLogger - Using platform encoding (UTF-8 actually) to copy filtered resources, i.e. build is platform dependent!
2019-04-20 14:40:43,448 [Worker-22] INFO  o.e.m.c.i.embedder.EclipseLogger - skip non existing resourceDirectory /home/ankush/Github/Java-Sample/ProjectMart/src/test/resources
2019-04-20 14:41:01,803 [Worker-25] WARN  o.e.m.c.i.embedder.EclipseLogger - Using platform encoding (UTF-8 actually) to copy filtered resources, i.e. build is platform dependent!
2019-04-20 14:41:01,847 [Worker-25] INFO  o.e.m.c.i.embedder.EclipseLogger - Copying 0 resource
2019-04-20 14:41:01,851 [Worker-25] WARN  o.e.m.c.i.embedder.EclipseLogger - Using platform encoding (UTF-8 actually) to copy filtered resources, i.e. build is platform dependent!
2019-04-20 14:41:01,851 [Worker-25] INFO  o.e.m.c.i.embedder.EclipseLogger - skip non existing resourceDirectory /home/ankush/Github/Java-Sample/ProjectMart/src/test/resources
2019-04-20 14:41:15,796 [Worker-24] WARN  o.e.m.c.i.embedder.EclipseLogger - Using platform encoding (UTF-8 actually) to copy filtered resources, i.e. build is platform dependent!
2019-04-20 14:41:15,797 [Worker-24] INFO  o.e.m.c.i.embedder.EclipseLogger - Copying 0 resource
2019-04-20 14:41:15,806 [Worker-24] WARN  o.e.m.c.i.embedder.EclipseLogger - Using platform encoding (UTF-8 actually) to copy filtered resources, i.e. build is platform dependent!
2019-04-20 14:41:15,807 [Worker-24] INFO  o.e.m.c.i.embedder.EclipseLogger - skip non existing resourceDirectory /home/ankush/Github/Java-Sample/ProjectMart/src/test/resources
2019-04-20 14:41:49,980 [Worker-25] WARN  o.e.m.c.i.embedder.EclipseLogger - Using platform encoding (UTF-8 actually) to copy filtered resources, i.e. build is platform dependent!
2019-04-20 14:41:49,984 [Worker-25] INFO  o.e.m.c.i.embedder.EclipseLogger - Copying 0 resource
2019-04-20 14:41:49,988 [Worker-25] WARN  o.e.m.c.i.embedder.EclipseLogger - Using platform encoding (UTF-8 actually) to copy filtered resources, i.e. build is platform dependent!
2019-04-20 14:41:49,990 [Worker-25] INFO  o.e.m.c.i.embedder.EclipseLogger - skip non existing resourceDirectory /home/ankush/Github/Java-Sample/ProjectMart/src/test/resources
2019-04-20 14:42:10,527 [Worker-30] WARN  o.e.m.c.i.embedder.EclipseLogger - Using platform encoding (UTF-8 actually) to copy filtered resources, i.e. build is platform dependent!
2019-04-20 14:42:10,529 [Worker-30] INFO  o.e.m.c.i.embedder.EclipseLogger - Copying 0 resource
2019-04-20 14:42:10,533 [Worker-30] WARN  o.e.m.c.i.embedder.EclipseLogger - Using platform encoding (UTF-8 actually) to copy filtered resources, i.e. build is platform dependent!
2019-04-20 14:42:10,533 [Worker-30] INFO  o.e.m.c.i.embedder.EclipseLogger - skip non existing resourceDirectory /home/ankush/Github/Java-Sample/ProjectMart/src/test/resources
2019-04-20 14:42:16,005 [Worker-28] WARN  o.e.m.c.i.embedder.EclipseLogger - Using platform encoding (UTF-8 actually) to copy filtered resources, i.e. build is platform dependent!
2019-04-20 14:42:16,012 [Worker-28] INFO  o.e.m.c.i.embedder.EclipseLogger - Copying 0 resource
2019-04-20 14:42:16,013 [Worker-28] WARN  o.e.m.c.i.embedder.EclipseLogger - Using platform encoding (UTF-8 actually) to copy filtered resources, i.e. build is platform dependent!
2019-04-20 14:42:16,014 [Worker-28] INFO  o.e.m.c.i.embedder.EclipseLogger - skip non existing resourceDirectory /home/ankush/Github/Java-Sample/ProjectMart/src/test/resources
2019-04-20 14:42:55,041 [Worker-25] WARN  o.e.m.c.i.embedder.EclipseLogger - Using platform encoding (UTF-8 actually) to copy filtered resources, i.e. build is platform dependent!
2019-04-20 14:42:55,042 [Worker-25] INFO  o.e.m.c.i.embedder.EclipseLogger - Copying 0 resource
2019-04-20 14:42:55,043 [Worker-25] WARN  o.e.m.c.i.embedder.EclipseLogger - Using platform encoding (UTF-8 actually) to copy filtered resources, i.e. build is platform dependent!
2019-04-20 14:42:55,044 [Worker-25] INFO  o.e.m.c.i.embedder.EclipseLogger - skip non existing resourceDirectory /home/ankush/Github/Java-Sample/ProjectMart/src/test/resources
2019-04-20 14:43:16,342 [Worker-28] INFO  o.e.m.c.i.l.LifecycleMappingFactory - Using org.maven.ide.eclipse.wtp.WarLifecycleMapping lifecycle mapping for MavenProject: org.ankush.webservice:ProjectMart:0.0.1-SNAPSHOT @ /home/ankush/Github/Java-Sample/ProjectMart/pom.xml.
2019-04-20 14:43:17,680 [Worker-25] WARN  o.e.m.c.i.embedder.EclipseLogger - Using platform encoding (UTF-8 actually) to copy filtered resources, i.e. build is platform dependent!
2019-04-20 14:43:17,681 [Worker-25] INFO  o.e.m.c.i.embedder.EclipseLogger - Copying 0 resource
2019-04-20 14:43:17,685 [Worker-25] WARN  o.e.m.c.i.embedder.EclipseLogger - Using platform encoding (UTF-8 actually) to copy filtered resources, i.e. build is platform dependent!
2019-04-20 14:43:17,685 [Worker-25] INFO  o.e.m.c.i.embedder.EclipseLogger - skip non existing resourceDirectory /home/ankush/Github/Java-Sample/ProjectMart/src/test/resources
2019-04-20 14:43:41,342 [Worker-22] WARN  o.e.m.c.i.embedder.EclipseLogger - Using platform encoding (UTF-8 actually) to copy filtered resources, i.e. build is platform dependent!
2019-04-20 14:43:41,343 [Worker-22] INFO  o.e.m.c.i.embedder.EclipseLogger - Copying 0 resource
2019-04-20 14:43:41,352 [Worker-22] WARN  o.e.m.c.i.embedder.EclipseLogger - Using platform encoding (UTF-8 actually) to copy filtered resources, i.e. build is platform dependent!
2019-04-20 14:43:41,353 [Worker-22] INFO  o.e.m.c.i.embedder.EclipseLogger - skip non existing resourceDirectory /home/ankush/Github/Java-Sample/ProjectMart/src/test/resources
2019-04-20 14:45:55,656 [Worker-22] WARN  o.e.m.c.i.embedder.EclipseLogger - Using platform encoding (UTF-8 actually) to copy filtered resources, i.e. build is platform dependent!
2019-04-20 14:45:55,662 [Worker-22] INFO  o.e.m.c.i.embedder.EclipseLogger - Copying 0 resource
2019-04-20 14:45:55,664 [Worker-22] WARN  o.e.m.c.i.embedder.EclipseLogger - Using platform encoding (UTF-8 actually) to copy filtered resources, i.e. build is platform dependent!
2019-04-20 14:45:55,665 [Worker-22] INFO  o.e.m.c.i.embedder.EclipseLogger - skip non existing resourceDirectory /home/ankush/Github/Java-Sample/ProjectMart/src/test/resources
2019-04-20 14:46:29,485 [Worker-22] INFO  o.e.m.c.i.l.LifecycleMappingFactory - Using org.maven.ide.eclipse.wtp.WarLifecycleMapping lifecycle mapping for MavenProject: org.ankush.webservice:ProjectMart:0.0.1-SNAPSHOT @ /home/ankush/Github/Java-Sample/ProjectMart/pom.xml.
2019-04-20 14:46:30,546 [Worker-22] WARN  o.e.m.c.i.embedder.EclipseLogger - Using platform encoding (UTF-8 actually) to copy filtered resources, i.e. build is platform dependent!
2019-04-20 14:46:30,549 [Worker-22] INFO  o.e.m.c.i.embedder.EclipseLogger - Copying 0 resource
2019-04-20 14:46:30,554 [Worker-22] WARN  o.e.m.c.i.embedder.EclipseLogger - Using platform encoding (UTF-8 actually) to copy filtered resources, i.e. build is platform dependent!
2019-04-20 14:46:30,558 [Worker-22] INFO  o.e.m.c.i.embedder.EclipseLogger - skip non existing resourceDirectory /home/ankush/Github/Java-Sample/ProjectMart/src/test/resources
2019-04-20 14:46:30,559 [Worker-22] INFO  o.e.m.w.i.f.ResourceFilteringBuildParticipant - Changed resources require a complete clean of filtered resources of ProjectMart
2019-04-20 14:46:30,561 [Worker-22] INFO  o.e.m.w.i.f.ResourceFilteringBuildParticipant - Executing resource filtering for ProjectMart
2019-04-20 14:46:30,574 [Worker-22] WARN  o.e.m.c.i.embedder.EclipseLogger - Using platform encoding (UTF-8 actually) to copy filtered resources, i.e. build is platform dependent!
2019-04-20 14:46:33,440 [Worker-22] INFO  o.e.m.c.i.l.LifecycleMappingFactory - Using org.maven.ide.eclipse.wtp.WarLifecycleMapping lifecycle mapping for MavenProject: org.ankush.webservice:ProjectMart:0.0.1-SNAPSHOT @ /home/ankush/Github/Java-Sample/ProjectMart/pom.xml.
2019-04-20 14:46:34,301 [Worker-22] WARN  o.e.m.c.i.embedder.EclipseLogger - Using platform encoding (UTF-8 actually) to copy filtered resources, i.e. build is platform dependent!
2019-04-20 14:46:34,310 [Worker-22] INFO  o.e.m.c.i.embedder.EclipseLogger - Copying 0 resource
2019-04-20 14:46:34,313 [Worker-22] WARN  o.e.m.c.i.embedder.EclipseLogger - Using platform encoding (UTF-8 actually) to copy filtered resources, i.e. build is platform dependent!
2019-04-20 14:46:34,314 [Worker-22] INFO  o.e.m.c.i.embedder.EclipseLogger - skip non existing resourceDirectory /home/ankush/Github/Java-Sample/ProjectMart/src/test/resources
2019-04-20 14:46:34,314 [Worker-22] INFO  o.e.m.w.i.f.ResourceFilteringBuildParticipant - Changed resources require a complete clean of filtered resources of ProjectMart
2019-04-20 14:46:34,314 [Worker-22] INFO  o.e.m.w.i.f.ResourceFilteringBuildParticipant - Executing resource filtering for ProjectMart
2019-04-20 14:46:34,323 [Worker-22] WARN  o.e.m.c.i.embedder.EclipseLogger - Using platform encoding (UTF-8 actually) to copy filtered resources, i.e. build is platform dependent!
2019-04-20 14:47:15,089 [Worker-23] INFO  o.e.m.c.i.p.ProjectConfigurationManager - Update started
2019-04-20 14:47:15,628 [Worker-23] INFO  o.e.m.c.i.l.LifecycleMappingFactory - Using org.maven.ide.eclipse.wtp.WarLifecycleMapping lifecycle mapping for MavenProject: org.ankush.webservice:ProjectMart:0.0.1-SNAPSHOT @ /home/ankush/Github/Java-Sample/ProjectMart/pom.xml.
2019-04-20 14:47:16,514 [Worker-23] INFO  o.e.m.j.i.AbstractJavaProjectConfigurator - Adding source folder /ProjectMart/src/main/java
2019-04-20 14:47:16,514 [Worker-23] INFO  o.e.m.j.i.AbstractJavaProjectConfigurator - Adding resource folder /ProjectMart/src/main/resources
2019-04-20 14:47:16,515 [Worker-23] INFO  o.e.m.j.i.AbstractJavaProjectConfigurator - Adding source folder /ProjectMart/src/test/java
2019-04-20 14:47:19,463 [Worker-23] INFO  o.e.m.w.i.f.ResourceFilteringBuildParticipant - Cleaning filtered folder for ProjectMart
2019-04-20 14:47:19,532 [Worker-23] INFO  o.e.m.c.i.p.ProjectConfigurationManager - Update completed: 4 sec
2019-04-20 14:47:19,786 [Worker-34] WARN  o.e.m.c.i.embedder.EclipseLogger - Using platform encoding (UTF-8 actually) to copy filtered resources, i.e. build is platform dependent!
2019-04-20 14:47:19,791 [Worker-34] INFO  o.e.m.c.i.embedder.EclipseLogger - Copying 0 resource
2019-04-20 14:47:19,794 [Worker-34] WARN  o.e.m.c.i.embedder.EclipseLogger - Using platform encoding (UTF-8 actually) to copy filtered resources, i.e. build is platform dependent!
2019-04-20 14:47:19,794 [Worker-34] INFO  o.e.m.c.i.embedder.EclipseLogger - skip non existing resourceDirectory /home/ankush/Github/Java-Sample/ProjectMart/src/test/resources
2019-04-20 14:47:19,794 [Worker-34] INFO  o.e.m.w.i.f.ResourceFilteringBuildParticipant - Changed resources require a complete clean of filtered resources of ProjectMart
2019-04-20 14:47:19,795 [Worker-34] INFO  o.e.m.w.i.f.ResourceFilteringBuildParticipant - Executing resource filtering for ProjectMart
2019-04-20 14:47:19,829 [Worker-34] WARN  o.e.m.c.i.embedder.EclipseLogger - Using platform encoding (UTF-8 actually) to copy filtered resources, i.e. build is platform dependent!
2019-04-20 14:47:20,118 [Worker-23] WARN  o.e.m.c.i.embedder.EclipseLogger - Using platform encoding (UTF-8 actually) to copy filtered resources, i.e. build is platform dependent!
2019-04-20 14:47:20,121 [Worker-23] INFO  o.e.m.c.i.embedder.EclipseLogger - Copying 0 resource
2019-04-20 14:47:20,126 [Worker-23] WARN  o.e.m.c.i.embedder.EclipseLogger - Using platform encoding (UTF-8 actually) to copy filtered resources, i.e. build is platform dependent!
2019-04-20 14:47:20,127 [Worker-23] INFO  o.e.m.c.i.embedder.EclipseLogger - skip non existing resourceDirectory /home/ankush/Github/Java-Sample/ProjectMart/src/test/resources
2019-04-20 14:48:12,211 [Worker-28] WARN  o.e.m.c.i.embedder.EclipseLogger - Using platform encoding (UTF-8 actually) to copy filtered resources, i.e. build is platform dependent!
2019-04-20 14:48:12,215 [Worker-28] INFO  o.e.m.c.i.embedder.EclipseLogger - Copying 0 resource
2019-04-20 14:48:12,217 [Worker-28] WARN  o.e.m.c.i.embedder.EclipseLogger - Using platform encoding (UTF-8 actually) to copy filtered resources, i.e. build is platform dependent!
2019-04-20 14:48:12,217 [Worker-28] INFO  o.e.m.c.i.embedder.EclipseLogger - skip non existing resourceDirectory /home/ankush/Github/Java-Sample/ProjectMart/src/test/resources
2019-04-20 14:48:32,637 [main] INFO  o.e.m.c.i.l.LifecycleMappingFactory - Using org.maven.ide.eclipse.wtp.WarLifecycleMapping lifecycle mapping for MavenProject: org.ankush.webservice:ProjectMart:0.0.1-SNAPSHOT @ /home/ankush/Github/Java-Sample/ProjectMart/pom.xml.
2019-04-20 14:48:54,348 [Worker-23] WARN  o.e.m.c.i.embedder.EclipseLogger - Using platform encoding (UTF-8 actually) to copy filtered resources, i.e. build is platform dependent!
2019-04-20 14:48:54,349 [Worker-23] INFO  o.e.m.c.i.embedder.EclipseLogger - Copying 0 resource
2019-04-20 14:48:54,357 [Worker-23] WARN  o.e.m.c.i.embedder.EclipseLogger - Using platform encoding (UTF-8 actually) to copy filtered resources, i.e. build is platform dependent!
2019-04-20 14:48:54,358 [Worker-23] INFO  o.e.m.c.i.embedder.EclipseLogger - skip non existing resourceDirectory /home/ankush/Github/Java-Sample/ProjectMart/src/test/resources
2019-04-20 14:48:57,056 [Worker-28] WARN  o.e.m.c.i.embedder.EclipseLogger - Using platform encoding (UTF-8 actually) to copy filtered resources, i.e. build is platform dependent!
2019-04-20 14:48:57,056 [Worker-28] INFO  o.e.m.c.i.embedder.EclipseLogger - Copying 0 resource
2019-04-20 14:48:57,057 [Worker-28] WARN  o.e.m.c.i.embedder.EclipseLogger - Using platform encoding (UTF-8 actually) to copy filtered resources, i.e. build is platform dependent!
2019-04-20 14:48:57,058 [Worker-28] INFO  o.e.m.c.i.embedder.EclipseLogger - skip non existing resourceDirectory /home/ankush/Github/Java-Sample/ProjectMart/src/test/resources
2019-04-20 14:48:57,714 [Worker-22] WARN  o.e.m.c.i.embedder.EclipseLogger - Using platform encoding (UTF-8 actually) to copy filtered resources, i.e. build is platform dependent!
2019-04-20 14:48:57,715 [Worker-22] INFO  o.e.m.c.i.embedder.EclipseLogger - Copying 0 resource
2019-04-20 14:48:57,718 [Worker-22] WARN  o.e.m.c.i.embedder.EclipseLogger - Using platform encoding (UTF-8 actually) to copy filtered resources, i.e. build is platform dependent!
2019-04-20 14:48:57,724 [Worker-22] INFO  o.e.m.c.i.embedder.EclipseLogger - skip non existing resourceDirectory /home/ankush/Github/Java-Sample/ProjectMart/src/test/resources
2019-04-20 14:49:42,866 [Worker-33] INFO  o.e.m.i.launch.MavenLaunchDelegate - /home/ankush/Github/Java-Sample/ProjectMart
2019-04-20 14:49:42,867 [Worker-33] INFO  o.e.m.i.launch.MavenLaunchDelegate -  mvn -B install
2019-04-20 14:50:02,017 [Worker-23] WARN  o.e.m.c.i.embedder.EclipseLogger - Using platform encoding (UTF-8 actually) to copy filtered resources, i.e. build is platform dependent!
2019-04-20 14:50:02,018 [Worker-23] INFO  o.e.m.c.i.embedder.EclipseLogger - Copying 0 resource
2019-04-20 14:50:02,020 [Worker-23] WARN  o.e.m.c.i.embedder.EclipseLogger - Using platform encoding (UTF-8 actually) to copy filtered resources, i.e. build is platform dependent!
2019-04-20 14:50:02,020 [Worker-23] INFO  o.e.m.c.i.embedder.EclipseLogger - skip non existing resourceDirectory /home/ankush/Github/Java-Sample/ProjectMart/src/test/resources
2019-04-20 16:00:45,760 [Worker-40] INFO  o.e.m.c.i.l.LifecycleMappingFactory - Using org.maven.ide.eclipse.wtp.WarLifecycleMapping lifecycle mapping for MavenProject: org.ankush.webservice:ProjectMart:0.0.1-SNAPSHOT @ /home/ankush/Github/Java-Sample/ProjectMart/pom.xml.
2019-04-20 16:00:49,285 [Worker-40] INFO  o.e.m.c.i.e.AbstractTransferListenerAdapter - Downloading https://repo.maven.apache.org/maven2/com/sun/xml/ws/jaxws-rt/2.2/jaxws-rt-2.2.pom
2019-04-20 16:00:49,844 [Worker-40] INFO  o.e.m.c.i.e.AbstractTransferListenerAdapter - Downloaded https://repo.maven.apache.org/maven2/com/sun/xml/ws/jaxws-rt/2.2/jaxws-rt-2.2.pom
2019-04-20 16:00:50,455 [Worker-40] INFO  o.e.m.c.i.e.AbstractTransferListenerAdapter - Downloading https://repo.maven.apache.org/maven2/javax/xml/ws/jaxws-api/2.2/jaxws-api-2.2.pom
2019-04-20 16:00:50,759 [Worker-40] INFO  o.e.m.c.i.e.AbstractTransferListenerAdapter - Downloaded https://repo.maven.apache.org/maven2/javax/xml/ws/jaxws-api/2.2/jaxws-api-2.2.pom
2019-04-20 16:00:51,063 [Worker-40] INFO  o.e.m.c.i.e.AbstractTransferListenerAdapter - Downloading https://repo.maven.apache.org/maven2/javax/xml/bind/jaxb-api/2.2/jaxb-api-2.2.pom
2019-04-20 16:00:51,369 [Worker-40] INFO  o.e.m.c.i.e.AbstractTransferListenerAdapter - Downloaded https://repo.maven.apache.org/maven2/javax/xml/bind/jaxb-api/2.2/jaxb-api-2.2.pom
2019-04-20 16:00:51,776 [Worker-40] INFO  o.e.m.c.i.e.AbstractTransferListenerAdapter - Downloading https://repo.maven.apache.org/maven2/javax/xml/soap/saaj-api/1.3.1/saaj-api-1.3.1.pom
2019-04-20 16:00:52,024 [Worker-40] INFO  o.e.m.c.i.e.AbstractTransferListenerAdapter - Downloaded https://repo.maven.apache.org/maven2/javax/xml/soap/saaj-api/1.3.1/saaj-api-1.3.1.pom
2019-04-20 16:00:52,386 [Worker-40] INFO  o.e.m.c.i.e.AbstractTransferListenerAdapter - Downloading https://repo.maven.apache.org/maven2/javax/annotation/jsr250-api/1.0/jsr250-api-1.0.pom
2019-04-20 16:00:53,100 [Worker-40] INFO  o.e.m.c.i.e.AbstractTransferListenerAdapter - Downloaded https://repo.maven.apache.org/maven2/javax/annotation/jsr250-api/1.0/jsr250-api-1.0.pom
2019-04-20 16:00:53,711 [Worker-40] INFO  o.e.m.c.i.e.AbstractTransferListenerAdapter - Downloading https://repo.maven.apache.org/maven2/javax/jws/jsr181-api/1.0-MR1/jsr181-api-1.0-MR1.pom
2019-04-20 16:00:54,322 [Worker-40] INFO  o.e.m.c.i.e.AbstractTransferListenerAdapter - Downloaded https://repo.maven.apache.org/maven2/javax/jws/jsr181-api/1.0-MR1/jsr181-api-1.0-MR1.pom
2019-04-20 16:00:54,933 [Worker-40] INFO  o.e.m.c.i.e.AbstractTransferListenerAdapter - Downloading https://repo.maven.apache.org/maven2/com/sun/xml/bind/jaxb-impl/2.2/jaxb-impl-2.2.pom
2019-04-20 16:00:55,750 [Worker-40] INFO  o.e.m.c.i.e.AbstractTransferListenerAdapter - Downloaded https://repo.maven.apache.org/maven2/com/sun/xml/bind/jaxb-impl/2.2/jaxb-impl-2.2.pom
2019-04-20 16:00:56,362 [Worker-40] INFO  o.e.m.c.i.e.AbstractTransferListenerAdapter - Downloading https://repo.maven.apache.org/maven2/com/sun/xml/messaging/saaj/saaj-impl/1.3.4/saaj-impl-1.3.4.pom
2019-04-20 16:00:56,818 [Worker-40] INFO  o.e.m.c.i.e.AbstractTransferListenerAdapter - Downloaded https://repo.maven.apache.org/maven2/com/sun/xml/messaging/saaj/saaj-impl/1.3.4/saaj-impl-1.3.4.pom
2019-04-20 16:00:57,391 [Worker-40] INFO  o.e.m.c.i.e.AbstractTransferListenerAdapter - Downloading https://repo.maven.apache.org/maven2/org/jvnet/mimepull/1.4/mimepull-1.4.pom
2019-04-20 16:00:57,688 [Worker-40] INFO  o.e.m.c.i.e.AbstractTransferListenerAdapter - Downloaded https://repo.maven.apache.org/maven2/org/jvnet/mimepull/1.4/mimepull-1.4.pom
2019-04-20 16:00:58,096 [Worker-40] INFO  o.e.m.c.i.e.AbstractTransferListenerAdapter - Downloading https://repo.maven.apache.org/maven2/com/sun/xml/stream/buffer/streambuffer/1.0/streambuffer-1.0.pom
2019-04-20 16:00:59,424 [Worker-40] INFO  o.e.m.c.i.e.AbstractTransferListenerAdapter - Downloaded https://repo.maven.apache.org/maven2/com/sun/xml/stream/buffer/streambuffer/1.0/streambuffer-1.0.pom
2019-04-20 16:01:00,037 [Worker-40] INFO  o.e.m.c.i.e.AbstractTransferListenerAdapter - Downloading https://repo.maven.apache.org/maven2/org/jvnet/staxex/stax-ex/maven-metadata.xml
2019-04-20 16:01:00,306 [Worker-40] INFO  o.e.m.c.i.e.AbstractTransferListenerAdapter - Downloaded https://repo.maven.apache.org/maven2/org/jvnet/staxex/stax-ex/maven-metadata.xml
2019-04-20 16:01:00,651 [Worker-40] INFO  o.e.m.c.i.e.AbstractTransferListenerAdapter - Downloading https://repo.maven.apache.org/maven2/org/jvnet/staxex/stax-ex/1.8.1/stax-ex-1.8.1.pom
2019-04-20 16:01:01,631 [Worker-40] INFO  o.e.m.c.i.e.AbstractTransferListenerAdapter - Downloaded https://repo.maven.apache.org/maven2/org/jvnet/staxex/stax-ex/1.8.1/stax-ex-1.8.1.pom
2019-04-20 16:01:02,285 [Worker-40] INFO  o.e.m.c.i.e.AbstractTransferListenerAdapter - Downloading https://repo.maven.apache.org/maven2/org/eclipse/ee4j/project/1.0.5/project-1.0.5.pom
2019-04-20 16:01:03,512 [Worker-40] INFO  o.e.m.c.i.e.AbstractTransferListenerAdapter - Downloaded https://repo.maven.apache.org/maven2/org/eclipse/ee4j/project/1.0.5/project-1.0.5.pom
2019-04-20 16:01:03,818 [Worker-40] INFO  o.e.m.c.i.e.AbstractTransferListenerAdapter - Downloading https://repo.maven.apache.org/maven2/jakarta/activation/jakarta.activation-api/1.2.1/jakarta.activation-api-1.2.1.pom
2019-04-20 16:01:04,125 [Worker-40] INFO  o.e.m.c.i.e.AbstractTransferListenerAdapter - Downloaded https://repo.maven.apache.org/maven2/jakarta/activation/jakarta.activation-api/1.2.1/jakarta.activation-api-1.2.1.pom
2019-04-20 16:01:04,534 [Worker-40] INFO  o.e.m.c.i.e.AbstractTransferListenerAdapter - Downloading https://repo.maven.apache.org/maven2/com/sun/activation/all/1.2.1/all-1.2.1.pom
2019-04-20 16:01:05,761 [Worker-40] INFO  o.e.m.c.i.e.AbstractTransferListenerAdapter - Downloaded https://repo.maven.apache.org/maven2/com/sun/activation/all/1.2.1/all-1.2.1.pom
2019-04-20 16:01:06,068 [Worker-40] INFO  o.e.m.c.i.e.AbstractTransferListenerAdapter - Downloading https://repo.maven.apache.org/maven2/org/eclipse/ee4j/project/1.0.2/project-1.0.2.pom
2019-04-20 16:01:06,681 [Worker-40] INFO  o.e.m.c.i.e.AbstractTransferListenerAdapter - Downloaded https://repo.maven.apache.org/maven2/org/eclipse/ee4j/project/1.0.2/project-1.0.2.pom
2019-04-20 16:01:07,091 [Worker-40] INFO  o.e.m.c.i.e.AbstractTransferListenerAdapter - Downloading https://repo.maven.apache.org/maven2/jakarta/xml/bind/jakarta.xml.bind-api/2.3.2/jakarta.xml.bind-api-2.3.2.pom
2019-04-20 16:01:07,655 [Worker-40] INFO  o.e.m.c.i.e.AbstractTransferListenerAdapter - Downloaded https://repo.maven.apache.org/maven2/jakarta/xml/bind/jakarta.xml.bind-api/2.3.2/jakarta.xml.bind-api-2.3.2.pom
2019-04-20 16:01:07,917 [Worker-40] INFO  o.e.m.c.i.e.AbstractTransferListenerAdapter - Downloading https://repo.maven.apache.org/maven2/jakarta/xml/bind/jakarta.xml.bind-api-parent/2.3.2/jakarta.xml.bind-api-parent-2.3.2.pom
2019-04-20 16:01:08,318 [Worker-40] INFO  o.e.m.c.i.e.AbstractTransferListenerAdapter - Downloaded https://repo.maven.apache.org/maven2/jakarta/xml/bind/jakarta.xml.bind-api-parent/2.3.2/jakarta.xml.bind-api-parent-2.3.2.pom
2019-04-20 16:01:09,033 [Worker-40] INFO  o.e.m.c.i.e.AbstractTransferListenerAdapter - Downloading https://repo.maven.apache.org/maven2/org/codehaus/woodstox/wstx-asl/3.2.3/wstx-asl-3.2.3.pom
2019-04-20 16:01:09,648 [Worker-40] INFO  o.e.m.c.i.e.AbstractTransferListenerAdapter - Downloaded https://repo.maven.apache.org/maven2/org/codehaus/woodstox/wstx-asl/3.2.3/wstx-asl-3.2.3.pom
2019-04-20 16:01:10,261 [Worker-40] INFO  o.e.m.c.i.e.AbstractTransferListenerAdapter - Downloading https://repo.maven.apache.org/maven2/org/jvnet/staxex/stax-ex/1.2/stax-ex-1.2.pom
2019-04-20 16:01:10,875 [Worker-40] INFO  o.e.m.c.i.e.AbstractTransferListenerAdapter - Downloaded https://repo.maven.apache.org/maven2/org/jvnet/staxex/stax-ex/1.2/stax-ex-1.2.pom
2019-04-20 16:01:11,181 [Worker-40] INFO  o.e.m.c.i.e.AbstractTransferListenerAdapter - Downloading https://repo.maven.apache.org/maven2/javax/xml/stream/stax-api/1.0/stax-api-1.0.pom
2019-04-20 16:01:11,489 [Worker-40] INFO  o.e.m.c.i.e.AbstractTransferListenerAdapter - Downloaded https://repo.maven.apache.org/maven2/javax/xml/stream/stax-api/1.0/stax-api-1.0.pom
2019-04-20 16:01:11,765 [Worker-40] INFO  o.e.m.c.i.e.AbstractTransferListenerAdapter - Downloading https://repo.maven.apache.org/maven2/junit/junit/3.8/junit-3.8.pom
2019-04-20 16:01:12,205 [Worker-40] INFO  o.e.m.c.i.e.AbstractTransferListenerAdapter - Downloaded https://repo.maven.apache.org/maven2/junit/junit/3.8/junit-3.8.pom
2019-04-20 16:01:12,488 [Worker-40] INFO  o.e.m.c.i.e.AbstractTransferListenerAdapter - Downloading https://repo.maven.apache.org/maven2/com/sun/org/apache/xml/internal/resolver/20050927/resolver-20050927.pom
2019-04-20 16:01:12,819 [Worker-40] INFO  o.e.m.c.i.e.AbstractTransferListenerAdapter - Downloaded https://repo.maven.apache.org/maven2/com/sun/org/apache/xml/internal/resolver/20050927/resolver-20050927.pom
2019-04-20 16:01:13,535 [Worker-40] INFO  o.e.m.c.i.e.AbstractTransferListenerAdapter - Downloading https://repo.maven.apache.org/maven2/com/sun/xml/ws/policy/2.0-b01/policy-2.0-b01.pom
2019-04-20 16:01:14,612 [Worker-40] INFO  o.e.m.c.i.e.AbstractTransferListenerAdapter - Downloaded https://repo.maven.apache.org/maven2/com/sun/xml/ws/policy/2.0-b01/policy-2.0-b01.pom
2019-04-20 16:01:15,172 [Worker-40] INFO  o.e.m.c.i.e.AbstractTransferListenerAdapter - Downloading https://repo.maven.apache.org/maven2/com/sun/xml/txw2/txw2/20090102/txw2-20090102.pom
2019-04-20 16:01:15,786 [Worker-40] INFO  o.e.m.c.i.e.AbstractTransferListenerAdapter - Downloaded https://repo.maven.apache.org/maven2/com/sun/xml/txw2/txw2/20090102/txw2-20090102.pom
2019-04-20 16:01:16,096 [Worker-40] INFO  o.e.m.c.i.e.AbstractTransferListenerAdapter - Downloaded https://repo.maven.apache.org/maven2/com/sun/istack/istack-commons-runtime/1.1/istack-commons-runtime-1.1.pom
2019-04-20 16:01:21,040 [Worker-40] INFO  o.e.m.c.i.e.AbstractTransferListenerAdapter - Downloaded http://download.java.net/maven/2/com/sun/istack/istack-commons-runtime/1.1/istack-commons-runtime-1.1.pom
2019-04-20 16:01:21,041 [Worker-40] WARN  o.e.m.c.i.embedder.EclipseLogger - The POM for com.sun.istack:istack-commons-runtime:jar:1.1 is missing, no dependency information available
2019-04-20 16:01:22,806 [Worker-40] INFO  o.e.m.c.i.e.AbstractTransferListenerAdapter - Downloaded https://repo.maven.apache.org/maven2/woodstox/wstx-asl/3.2.1/wstx-asl-3.2.1.pom
2019-04-20 16:01:27,670 [Worker-40] INFO  o.e.m.c.i.e.AbstractTransferListenerAdapter - Downloaded http://download.java.net/maven/2/woodstox/wstx-asl/3.2.1/wstx-asl-3.2.1.pom
2019-04-20 16:01:27,671 [Worker-40] WARN  o.e.m.c.i.embedder.EclipseLogger - The POM for woodstox:wstx-asl:jar:3.2.1 is missing, no dependency information available
2019-04-20 16:01:29,649 [Worker-40] INFO  o.e.m.c.i.e.AbstractTransferListenerAdapter - Downloading https://repo.maven.apache.org/maven2/com/sun/xml/ws/jaxws-rt/2.2/jaxws-rt-2.2.jar
2019-04-20 16:01:56,998 [Worker-40] INFO  o.e.m.c.i.e.AbstractTransferListenerAdapter - Downloaded https://repo.maven.apache.org/maven2/com/sun/xml/ws/jaxws-rt/2.2/jaxws-rt-2.2.jar
2019-04-20 16:01:57,309 [Worker-40] INFO  o.e.m.c.i.e.AbstractTransferListenerAdapter - Downloading https://repo.maven.apache.org/maven2/javax/xml/ws/jaxws-api/2.2/jaxws-api-2.2.jar
2019-04-20 16:01:57,990 [Worker-40] INFO  o.e.m.c.i.e.AbstractTransferListenerAdapter - Downloaded https://repo.maven.apache.org/maven2/javax/xml/ws/jaxws-api/2.2/jaxws-api-2.2.jar
2019-04-20 16:01:58,651 [Worker-40] INFO  o.e.m.c.i.e.AbstractTransferListenerAdapter - Downloading https://repo.maven.apache.org/maven2/javax/xml/bind/jaxb-api/2.2/jaxb-api-2.2.jar
2019-04-20 16:01:59,109 [Worker-40] INFO  o.e.m.c.i.e.AbstractTransferListenerAdapter - Downloaded https://repo.maven.apache.org/maven2/javax/xml/bind/jaxb-api/2.2/jaxb-api-2.2.jar
2019-04-20 16:01:59,374 [Worker-40] INFO  o.e.m.c.i.e.AbstractTransferListenerAdapter - Downloading https://repo.maven.apache.org/maven2/javax/xml/soap/saaj-api/1.3.1/saaj-api-1.3.1.jar
2019-04-20 16:01:59,884 [Worker-40] INFO  o.e.m.c.i.e.AbstractTransferListenerAdapter - Downloaded https://repo.maven.apache.org/maven2/javax/xml/soap/saaj-api/1.3.1/saaj-api-1.3.1.jar
2019-04-20 16:02:00,194 [Worker-40] INFO  o.e.m.c.i.e.AbstractTransferListenerAdapter - Downloading https://repo.maven.apache.org/maven2/javax/annotation/jsr250-api/1.0/jsr250-api-1.0.jar
2019-04-20 16:02:00,502 [Worker-40] INFO  o.e.m.c.i.e.AbstractTransferListenerAdapter - Downloaded https://repo.maven.apache.org/maven2/javax/annotation/jsr250-api/1.0/jsr250-api-1.0.jar
2019-04-20 16:02:00,812 [Worker-40] INFO  o.e.m.c.i.e.AbstractTransferListenerAdapter - Downloading https://repo.maven.apache.org/maven2/javax/jws/jsr181-api/1.0-MR1/jsr181-api-1.0-MR1.jar
2019-04-20 16:02:01,120 [Worker-40] INFO  o.e.m.c.i.e.AbstractTransferListenerAdapter - Downloaded https://repo.maven.apache.org/maven2/javax/jws/jsr181-api/1.0-MR1/jsr181-api-1.0-MR1.jar
2019-04-20 16:02:01,533 [Worker-40] INFO  o.e.m.c.i.e.AbstractTransferListenerAdapter - Downloading https://repo.maven.apache.org/maven2/com/sun/xml/bind/jaxb-impl/2.2/jaxb-impl-2.2.jar
2019-04-20 16:02:05,437 [Worker-40] INFO  o.e.m.c.i.e.AbstractTransferListenerAdapter - Downloaded https://repo.maven.apache.org/maven2/com/sun/xml/bind/jaxb-impl/2.2/jaxb-impl-2.2.jar
2019-04-20 16:02:06,055 [Worker-40] INFO  o.e.m.c.i.e.AbstractTransferListenerAdapter - Downloading https://repo.maven.apache.org/maven2/com/sun/xml/messaging/saaj/saaj-impl/1.3.4/saaj-impl-1.3.4.jar
2019-04-20 16:02:07,284 [Worker-40] INFO  o.e.m.c.i.e.AbstractTransferListenerAdapter - Downloaded https://repo.maven.apache.org/maven2/com/sun/xml/messaging/saaj/saaj-impl/1.3.4/saaj-impl-1.3.4.jar
2019-04-20 16:02:07,902 [Worker-40] INFO  o.e.m.c.i.e.AbstractTransferListenerAdapter - Downloading https://repo.maven.apache.org/maven2/com/sun/xml/stream/buffer/streambuffer/1.0/streambuffer-1.0.jar
2019-04-20 16:02:08,824 [Worker-40] INFO  o.e.m.c.i.e.AbstractTransferListenerAdapter - Downloaded https://repo.maven.apache.org/maven2/com/sun/xml/stream/buffer/streambuffer/1.0/streambuffer-1.0.jar
2019-04-20 16:02:09,236 [Worker-40] INFO  o.e.m.c.i.e.AbstractTransferListenerAdapter - Downloading https://repo.maven.apache.org/maven2/org/codehaus/woodstox/wstx-asl/3.2.3/wstx-asl-3.2.3.jar
2019-04-20 16:02:11,594 [Worker-40] INFO  o.e.m.c.i.e.AbstractTransferListenerAdapter - Downloaded https://repo.maven.apache.org/maven2/org/codehaus/woodstox/wstx-asl/3.2.3/wstx-asl-3.2.3.jar
2019-04-20 16:02:11,902 [Worker-40] INFO  o.e.m.c.i.e.AbstractTransferListenerAdapter - Downloading https://repo.maven.apache.org/maven2/org/jvnet/staxex/stax-ex/1.2/stax-ex-1.2.jar
2019-04-20 16:02:12,414 [Worker-40] INFO  o.e.m.c.i.e.AbstractTransferListenerAdapter - Downloaded https://repo.maven.apache.org/maven2/org/jvnet/staxex/stax-ex/1.2/stax-ex-1.2.jar
2019-04-20 16:02:12,724 [Worker-40] INFO  o.e.m.c.i.e.AbstractTransferListenerAdapter - Downloading https://repo.maven.apache.org/maven2/javax/xml/stream/stax-api/1.0/stax-api-1.0.jar
2019-04-20 16:02:13,029 [Worker-40] INFO  o.e.m.c.i.e.AbstractTransferListenerAdapter - Downloaded https://repo.maven.apache.org/maven2/javax/xml/stream/stax-api/1.0/stax-api-1.0.jar
2019-04-20 16:02:13,338 [Worker-40] INFO  o.e.m.c.i.e.AbstractTransferListenerAdapter - Downloading https://repo.maven.apache.org/maven2/com/sun/org/apache/xml/internal/resolver/20050927/resolver-20050927.jar
2019-04-20 16:02:13,952 [Worker-40] INFO  o.e.m.c.i.e.AbstractTransferListenerAdapter - Downloaded https://repo.maven.apache.org/maven2/com/sun/org/apache/xml/internal/resolver/20050927/resolver-20050927.jar
2019-04-20 16:02:14,365 [Worker-40] INFO  o.e.m.c.i.e.AbstractTransferListenerAdapter - Downloading https://repo.maven.apache.org/maven2/org/jvnet/mimepull/1.4/mimepull-1.4.jar
2019-04-20 16:02:14,772 [Worker-40] INFO  o.e.m.c.i.e.AbstractTransferListenerAdapter - Downloaded https://repo.maven.apache.org/maven2/org/jvnet/mimepull/1.4/mimepull-1.4.jar
2019-04-20 16:02:15,292 [Worker-40] INFO  o.e.m.c.i.e.AbstractTransferListenerAdapter - Downloading https://repo.maven.apache.org/maven2/com/sun/xml/ws/policy/2.0-b01/policy-2.0-b01.jar
2019-04-20 16:02:16,534 [Worker-40] INFO  o.e.m.c.i.e.AbstractTransferListenerAdapter - Downloaded https://repo.maven.apache.org/maven2/com/sun/xml/ws/policy/2.0-b01/policy-2.0-b01.jar
2019-04-20 16:02:16,927 [Worker-40] INFO  o.e.m.c.i.e.AbstractTransferListenerAdapter - Downloading https://repo.maven.apache.org/maven2/com/sun/xml/txw2/txw2/20090102/txw2-20090102.jar
2019-04-20 16:02:17,448 [Worker-40] INFO  o.e.m.c.i.e.AbstractTransferListenerAdapter - Downloaded https://repo.maven.apache.org/maven2/com/sun/xml/txw2/txw2/20090102/txw2-20090102.jar
2019-04-20 16:02:17,848 [Worker-40] INFO  o.e.m.c.i.e.AbstractTransferListenerAdapter - Downloaded https://repo.maven.apache.org/maven2/com/sun/istack/istack-commons-runtime/1.1/istack-commons-runtime-1.1.jar
2019-04-20 16:02:19,627 [Worker-40] INFO  o.e.m.c.i.e.AbstractTransferListenerAdapter - Downloading https://repo.maven.apache.org/maven2/woodstox/wstx-asl/3.2.1/wstx-asl-3.2.1.jar
2019-04-20 16:02:24,817 [Worker-40] INFO  o.e.m.c.i.e.AbstractTransferListenerAdapter - Downloaded https://repo.maven.apache.org/maven2/woodstox/wstx-asl/3.2.1/wstx-asl-3.2.1.jar
2019-04-20 16:02:32,277 [Worker-40] INFO  o.e.m.c.i.e.AbstractTransferListenerAdapter - Downloaded http://download.java.net/maven/2/com/sun/istack/istack-commons-runtime/1.1/istack-commons-runtime-1.1.jar
2019-04-20 16:02:32,385 [Worker-40] WARN  o.e.m.c.i.embedder.EclipseLogger - The POM for com.sun.istack:istack-commons-runtime:jar:1.1 is missing, no dependency information available
2019-04-20 16:02:32,387 [Worker-40] WARN  o.e.m.c.i.embedder.EclipseLogger - The POM for woodstox:wstx-asl:jar:3.2.1 is missing, no dependency information available
2019-04-20 16:02:34,396 [Worker-40] WARN  o.e.m.c.i.embedder.EclipseLogger - Using platform encoding (UTF-8 actually) to copy filtered resources, i.e. build is platform dependent!
2019-04-20 16:02:34,398 [Worker-40] INFO  o.e.m.c.i.embedder.EclipseLogger - Copying 0 resource
2019-04-20 16:02:34,401 [Worker-40] WARN  o.e.m.c.i.embedder.EclipseLogger - Using platform encoding (UTF-8 actually) to copy filtered resources, i.e. build is platform dependent!
2019-04-20 16:02:34,401 [Worker-40] INFO  o.e.m.c.i.embedder.EclipseLogger - skip non existing resourceDirectory /home/ankush/Github/Java-Sample/ProjectMart/src/test/resources
2019-04-20 16:02:34,402 [Worker-40] INFO  o.e.m.w.i.f.ResourceFilteringBuildParticipant - Changed resources require a complete clean of filtered resources of ProjectMart
2019-04-20 16:02:34,402 [Worker-40] INFO  o.e.m.w.i.f.ResourceFilteringBuildParticipant - Executing resource filtering for ProjectMart
2019-04-20 16:02:34,407 [Worker-40] WARN  o.e.m.c.i.embedder.EclipseLogger - Using platform encoding (UTF-8 actually) to copy filtered resources, i.e. build is platform dependent!
2019-04-20 16:02:34,518 [Worker-46] INFO  o.e.m.c.i.p.ProjectConfigurationManager - Update started
2019-04-20 16:02:35,008 [Worker-46] INFO  o.e.m.c.i.l.LifecycleMappingFactory - Using org.maven.ide.eclipse.wtp.WarLifecycleMapping lifecycle mapping for MavenProject: org.ankush.webservice:ProjectMart:0.0.1-SNAPSHOT @ /home/ankush/Github/Java-Sample/ProjectMart/pom.xml.
2019-04-20 16:02:36,371 [Worker-46] INFO  o.e.m.c.i.e.AbstractTransferListenerAdapter - Downloading https://repo.maven.apache.org/maven2/org/jvnet/staxex/stax-ex/maven-metadata.xml
2019-04-20 16:02:36,678 [Worker-46] INFO  o.e.m.c.i.e.AbstractTransferListenerAdapter - Downloaded https://repo.maven.apache.org/maven2/org/jvnet/staxex/stax-ex/maven-metadata.xml
2019-04-20 16:02:37,087 [Worker-46] INFO  o.e.m.c.i.e.AbstractTransferListenerAdapter - Downloaded https://repo.maven.apache.org/maven2/com/sun/istack/istack-commons-runtime/1.1/istack-commons-runtime-1.1.pom
2019-04-20 16:02:40,774 [Worker-46] INFO  o.e.m.c.i.e.AbstractTransferListenerAdapter - Downloaded http://download.java.net/maven/2/com/sun/istack/istack-commons-runtime/1.1/istack-commons-runtime-1.1.pom
2019-04-20 16:02:40,775 [Worker-46] WARN  o.e.m.c.i.embedder.EclipseLogger - The POM for com.sun.istack:istack-commons-runtime:jar:1.1 is missing, no dependency information available
2019-04-20 16:02:42,513 [Worker-46] INFO  o.e.m.c.i.e.AbstractTransferListenerAdapter - Downloaded https://repo.maven.apache.org/maven2/woodstox/wstx-asl/3.2.1/wstx-asl-3.2.1.pom
2019-04-20 16:02:47,428 [Worker-46] INFO  o.e.m.c.i.e.AbstractTransferListenerAdapter - Downloaded http://download.java.net/maven/2/woodstox/wstx-asl/3.2.1/wstx-asl-3.2.1.pom
2019-04-20 16:02:47,429 [Worker-46] WARN  o.e.m.c.i.embedder.EclipseLogger - The POM for woodstox:wstx-asl:jar:3.2.1 is missing, no dependency information available
2019-04-20 16:02:48,607 [Worker-46] INFO  o.e.m.c.i.e.AbstractTransferListenerAdapter - Downloaded https://repo.maven.apache.org/maven2/com/sun/istack/istack-commons-runtime/1.1/istack-commons-runtime-1.1.jar
2019-04-20 16:02:50,808 [Worker-46] INFO  o.e.m.c.i.e.AbstractTransferListenerAdapter - Downloaded http://download.java.net/maven/2/com/sun/istack/istack-commons-runtime/1.1/istack-commons-runtime-1.1.jar
2019-04-20 16:02:50,857 [Worker-46] WARN  o.e.m.c.i.embedder.EclipseLogger - The POM for com.sun.istack:istack-commons-runtime:jar:1.1 is missing, no dependency information available
2019-04-20 16:02:50,861 [Worker-46] WARN  o.e.m.c.i.embedder.EclipseLogger - The POM for woodstox:wstx-asl:jar:3.2.1 is missing, no dependency information available
2019-04-20 16:02:51,403 [Worker-46] INFO  o.e.m.j.i.AbstractJavaProjectConfigurator - Adding source folder /ProjectMart/src/main/java
2019-04-20 16:02:51,403 [Worker-46] INFO  o.e.m.j.i.AbstractJavaProjectConfigurator - Adding resource folder /ProjectMart/src/main/resources
2019-04-20 16:02:51,404 [Worker-46] INFO  o.e.m.j.i.AbstractJavaProjectConfigurator - Adding source folder /ProjectMart/src/test/java
2019-04-20 16:02:55,052 [Worker-46] WARN  o.e.m.c.i.embedder.EclipseLogger - The POM for com.sun.istack:istack-commons-runtime:jar:1.1 is missing, no dependency information available
2019-04-20 16:02:55,054 [Worker-46] WARN  o.e.m.c.i.embedder.EclipseLogger - The POM for woodstox:wstx-asl:jar:3.2.1 is missing, no dependency information available
2019-04-20 16:02:55,245 [Worker-46] INFO  o.e.m.w.i.f.ResourceFilteringBuildParticipant - Cleaning filtered folder for ProjectMart
2019-04-20 16:02:55,253 [Worker-46] INFO  o.e.m.c.i.p.ProjectConfigurationManager - Update completed: 20 sec
2019-04-20 16:02:55,501 [Worker-43] WARN  o.e.m.c.i.embedder.EclipseLogger - The POM for com.sun.istack:istack-commons-runtime:jar:1.1 is missing, no dependency information available
2019-04-20 16:02:55,502 [Worker-43] WARN  o.e.m.c.i.embedder.EclipseLogger - The POM for woodstox:wstx-asl:jar:3.2.1 is missing, no dependency information available
2019-04-20 16:02:55,792 [Worker-43] WARN  o.e.m.c.i.embedder.EclipseLogger - Using platform encoding (UTF-8 actually) to copy filtered resources, i.e. build is platform dependent!
2019-04-20 16:02:55,793 [Worker-43] INFO  o.e.m.c.i.embedder.EclipseLogger - Copying 0 resource
2019-04-20 16:02:55,796 [Worker-43] WARN  o.e.m.c.i.embedder.EclipseLogger - Using platform encoding (UTF-8 actually) to copy filtered resources, i.e. build is platform dependent!
2019-04-20 16:02:55,797 [Worker-43] INFO  o.e.m.c.i.embedder.EclipseLogger - skip non existing resourceDirectory /home/ankush/Github/Java-Sample/ProjectMart/src/test/resources
2019-04-20 16:02:55,797 [Worker-43] INFO  o.e.m.w.i.f.ResourceFilteringBuildParticipant - Changed resources require a complete clean of filtered resources of ProjectMart
2019-04-20 16:02:55,797 [Worker-43] INFO  o.e.m.w.i.f.ResourceFilteringBuildParticipant - Executing resource filtering for ProjectMart
2019-04-20 16:02:55,804 [Worker-43] WARN  o.e.m.c.i.embedder.EclipseLogger - Using platform encoding (UTF-8 actually) to copy filtered resources, i.e. build is platform dependent!
2019-04-20 16:02:56,605 [Worker-41] WARN  o.e.m.c.i.embedder.EclipseLogger - Using platform encoding (UTF-8 actually) to copy filtered resources, i.e. build is platform dependent!
2019-04-20 16:02:56,672 [Worker-41] INFO  o.e.m.c.i.embedder.EclipseLogger - Copying 0 resource
2019-04-20 16:02:56,674 [Worker-41] WARN  o.e.m.c.i.embedder.EclipseLogger - Using platform encoding (UTF-8 actually) to copy filtered resources, i.e. build is platform dependent!
2019-04-20 16:02:56,675 [Worker-41] INFO  o.e.m.c.i.embedder.EclipseLogger - skip non existing resourceDirectory /home/ankush/Github/Java-Sample/ProjectMart/src/test/resources
2019-04-20 16:03:31,495 [Worker-43] WARN  o.e.m.c.i.embedder.EclipseLogger - Using platform encoding (UTF-8 actually) to copy filtered resources, i.e. build is platform dependent!
2019-04-20 16:03:31,495 [Worker-43] INFO  o.e.m.c.i.embedder.EclipseLogger - Copying 0 resource
2019-04-20 16:03:31,496 [Worker-43] WARN  o.e.m.c.i.embedder.EclipseLogger - Using platform encoding (UTF-8 actually) to copy filtered resources, i.e. build is platform dependent!
2019-04-20 16:03:31,498 [Worker-43] INFO  o.e.m.c.i.embedder.EclipseLogger - skip non existing resourceDirectory /home/ankush/Github/Java-Sample/ProjectMart/src/test/resources
2019-04-20 16:03:39,877 [Worker-44] WARN  o.e.m.c.i.embedder.EclipseLogger - Using platform encoding (UTF-8 actually) to copy filtered resources, i.e. build is platform dependent!
2019-04-20 16:03:39,878 [Worker-44] INFO  o.e.m.c.i.embedder.EclipseLogger - Copying 0 resource
2019-04-20 16:03:39,879 [Worker-44] WARN  o.e.m.c.i.embedder.EclipseLogger - Using platform encoding (UTF-8 actually) to copy filtered resources, i.e. build is platform dependent!
2019-04-20 16:03:39,880 [Worker-44] INFO  o.e.m.c.i.embedder.EclipseLogger - skip non existing resourceDirectory /home/ankush/Github/Java-Sample/ProjectMart/src/test/resources
2019-04-20 16:06:59,506 [Worker-41] INFO  o.e.m.c.i.l.LifecycleMappingFactory - Using org.maven.ide.eclipse.wtp.WarLifecycleMapping lifecycle mapping for MavenProject: org.ankush.webservice:ProjectMart:0.0.1-SNAPSHOT @ /home/ankush/Github/Java-Sample/ProjectMart/pom.xml.
2019-04-20 16:06:59,533 [Worker-41] WARN  o.e.m.c.i.embedder.EclipseLogger - The POM for com.sun.istack:istack-commons-runtime:jar:1.1 is missing, no dependency information available
2019-04-20 16:06:59,535 [Worker-41] WARN  o.e.m.c.i.embedder.EclipseLogger - The POM for woodstox:wstx-asl:jar:3.2.1 is missing, no dependency information available
2019-04-20 16:07:02,352 [Worker-41] INFO  o.e.m.c.i.e.AbstractTransferListenerAdapter - Downloading https://repo.maven.apache.org/maven2/com/sun/istack/istack-commons-runtime/2.22/istack-commons-runtime-2.22.pom
2019-04-20 16:07:02,761 [Worker-41] INFO  o.e.m.c.i.e.AbstractTransferListenerAdapter - Downloaded https://repo.maven.apache.org/maven2/com/sun/istack/istack-commons-runtime/2.22/istack-commons-runtime-2.22.pom
2019-04-20 16:07:03,479 [Worker-41] INFO  o.e.m.c.i.e.AbstractTransferListenerAdapter - Downloading https://repo.maven.apache.org/maven2/com/sun/istack/istack-commons/2.22/istack-commons-2.22.pom
2019-04-20 16:07:04,400 [Worker-41] INFO  o.e.m.c.i.e.AbstractTransferListenerAdapter - Downloaded https://repo.maven.apache.org/maven2/com/sun/istack/istack-commons/2.22/istack-commons-2.22.pom
2019-04-20 16:07:05,123 [Worker-41] INFO  o.e.m.c.i.e.AbstractTransferListenerAdapter - Downloading https://repo.maven.apache.org/maven2/net/java/jvnet-parent/4/jvnet-parent-4.pom
2019-04-20 16:07:05,731 [Worker-41] INFO  o.e.m.c.i.e.AbstractTransferListenerAdapter - Downloaded https://repo.maven.apache.org/maven2/net/java/jvnet-parent/4/jvnet-parent-4.pom
2019-04-20 16:07:06,348 [Worker-41] INFO  o.e.m.c.i.e.AbstractTransferListenerAdapter - Downloading https://repo.maven.apache.org/maven2/com/sun/istack/istack-commons-runtime/2.22/istack-commons-runtime-2.22.jar
2019-04-20 16:07:07,575 [Worker-41] INFO  o.e.m.c.i.e.AbstractTransferListenerAdapter - Downloaded https://repo.maven.apache.org/maven2/com/sun/istack/istack-commons-runtime/2.22/istack-commons-runtime-2.22.jar
2019-04-20 16:07:07,760 [Worker-41] WARN  o.e.m.c.i.embedder.EclipseLogger - The POM for com.sun.istack:istack-commons-runtime:jar:1.1 is missing, no dependency information available
2019-04-20 16:07:07,762 [Worker-41] WARN  o.e.m.c.i.embedder.EclipseLogger - The POM for woodstox:wstx-asl:jar:3.2.1 is missing, no dependency information available
2019-04-20 16:07:08,286 [Worker-41] WARN  o.e.m.c.i.embedder.EclipseLogger - Using platform encoding (UTF-8 actually) to copy filtered resources, i.e. build is platform dependent!
2019-04-20 16:07:08,288 [Worker-41] INFO  o.e.m.c.i.embedder.EclipseLogger - Copying 0 resource
2019-04-20 16:07:08,293 [Worker-41] WARN  o.e.m.c.i.embedder.EclipseLogger - Using platform encoding (UTF-8 actually) to copy filtered resources, i.e. build is platform dependent!
2019-04-20 16:07:08,293 [Worker-41] INFO  o.e.m.c.i.embedder.EclipseLogger - skip non existing resourceDirectory /home/ankush/Github/Java-Sample/ProjectMart/src/test/resources
2019-04-20 16:07:08,293 [Worker-41] INFO  o.e.m.w.i.f.ResourceFilteringBuildParticipant - Changed resources require a complete clean of filtered resources of ProjectMart
2019-04-20 16:07:08,293 [Worker-41] INFO  o.e.m.w.i.f.ResourceFilteringBuildParticipant - Executing resource filtering for ProjectMart
2019-04-20 16:07:08,297 [Worker-41] WARN  o.e.m.c.i.embedder.EclipseLogger - Using platform encoding (UTF-8 actually) to copy filtered resources, i.e. build is platform dependent!
2019-04-20 16:07:08,647 [Worker-43] WARN  o.e.m.c.i.embedder.EclipseLogger - The POM for com.sun.istack:istack-commons-runtime:jar:1.1 is missing, no dependency information available
2019-04-20 16:07:08,653 [Worker-43] WARN  o.e.m.c.i.embedder.EclipseLogger - The POM for woodstox:wstx-asl:jar:3.2.1 is missing, no dependency information available
2019-04-20 16:07:08,917 [Worker-43] WARN  o.e.m.c.i.embedder.EclipseLogger - Using platform encoding (UTF-8 actually) to copy filtered resources, i.e. build is platform dependent!
2019-04-20 16:07:08,921 [Worker-43] INFO  o.e.m.c.i.embedder.EclipseLogger - Copying 0 resource
2019-04-20 16:07:08,924 [Worker-43] WARN  o.e.m.c.i.embedder.EclipseLogger - Using platform encoding (UTF-8 actually) to copy filtered resources, i.e. build is platform dependent!
2019-04-20 16:07:08,925 [Worker-43] INFO  o.e.m.c.i.embedder.EclipseLogger - skip non existing resourceDirectory /home/ankush/Github/Java-Sample/ProjectMart/src/test/resources
2019-04-20 16:07:47,291 [Worker-49] WARN  o.e.m.c.i.embedder.EclipseLogger - Using platform encoding (UTF-8 actually) to copy filtered resources, i.e. build is platform dependent!
2019-04-20 16:07:47,292 [Worker-49] INFO  o.e.m.c.i.embedder.EclipseLogger - Copying 0 resource
2019-04-20 16:07:47,293 [Worker-49] WARN  o.e.m.c.i.embedder.EclipseLogger - Using platform encoding (UTF-8 actually) to copy filtered resources, i.e. build is platform dependent!
2019-04-20 16:07:47,294 [Worker-49] INFO  o.e.m.c.i.embedder.EclipseLogger - skip non existing resourceDirectory /home/ankush/Github/Java-Sample/ProjectMart/src/test/resources
2019-04-20 16:08:33,646 [Worker-41] WARN  o.e.m.c.i.embedder.EclipseLogger - Using platform encoding (UTF-8 actually) to copy filtered resources, i.e. build is platform dependent!
2019-04-20 16:08:33,647 [Worker-41] INFO  o.e.m.c.i.embedder.EclipseLogger - Copying 0 resource
2019-04-20 16:08:33,652 [Worker-41] WARN  o.e.m.c.i.embedder.EclipseLogger - Using platform encoding (UTF-8 actually) to copy filtered resources, i.e. build is platform dependent!
2019-04-20 16:08:33,653 [Worker-41] INFO  o.e.m.c.i.embedder.EclipseLogger - skip non existing resourceDirectory /home/ankush/Github/Java-Sample/ProjectMart/src/test/resources
2019-04-20 16:08:40,065 [Worker-49] WARN  o.e.m.c.i.embedder.EclipseLogger - Using platform encoding (UTF-8 actually) to copy filtered resources, i.e. build is platform dependent!
2019-04-20 16:08:40,066 [Worker-49] INFO  o.e.m.c.i.embedder.EclipseLogger - Copying 0 resource
2019-04-20 16:08:40,068 [Worker-49] WARN  o.e.m.c.i.embedder.EclipseLogger - Using platform encoding (UTF-8 actually) to copy filtered resources, i.e. build is platform dependent!
2019-04-20 16:08:40,069 [Worker-49] INFO  o.e.m.c.i.embedder.EclipseLogger - skip non existing resourceDirectory /home/ankush/Github/Java-Sample/ProjectMart/src/test/resources
2019-04-20 16:09:39,642 [Worker-44] INFO  o.e.m.c.i.l.LifecycleMappingFactory - Using org.maven.ide.eclipse.wtp.WarLifecycleMapping lifecycle mapping for MavenProject: org.ankush.webservice:ProjectMart:0.0.1-SNAPSHOT @ /home/ankush/Github/Java-Sample/ProjectMart/pom.xml.
2019-04-20 16:09:39,674 [Worker-44] WARN  o.e.m.c.i.embedder.EclipseLogger - The POM for com.sun.istack:istack-commons-runtime:jar:1.1 is missing, no dependency information available
2019-04-20 16:09:39,675 [Worker-44] WARN  o.e.m.c.i.embedder.EclipseLogger - The POM for woodstox:wstx-asl:jar:3.2.1 is missing, no dependency information available
2019-04-20 16:09:39,718 [Worker-44] WARN  o.e.m.c.i.embedder.EclipseLogger - The POM for com.sun.istack:istack-commons-runtime:jar:1.1 is missing, no dependency information available
2019-04-20 16:09:39,719 [Worker-44] WARN  o.e.m.c.i.embedder.EclipseLogger - The POM for woodstox:wstx-asl:jar:3.2.1 is missing, no dependency information available
2019-04-20 16:09:40,270 [Worker-44] WARN  o.e.m.c.i.embedder.EclipseLogger - Using platform encoding (UTF-8 actually) to copy filtered resources, i.e. build is platform dependent!
2019-04-20 16:09:40,275 [Worker-44] INFO  o.e.m.c.i.embedder.EclipseLogger - Copying 0 resource
2019-04-20 16:09:40,277 [Worker-44] WARN  o.e.m.c.i.embedder.EclipseLogger - Using platform encoding (UTF-8 actually) to copy filtered resources, i.e. build is platform dependent!
2019-04-20 16:09:40,278 [Worker-44] INFO  o.e.m.c.i.embedder.EclipseLogger - skip non existing resourceDirectory /home/ankush/Github/Java-Sample/ProjectMart/src/test/resources
2019-04-20 16:09:40,278 [Worker-44] INFO  o.e.m.w.i.f.ResourceFilteringBuildParticipant - Changed resources require a complete clean of filtered resources of ProjectMart
2019-04-20 16:09:40,279 [Worker-44] INFO  o.e.m.w.i.f.ResourceFilteringBuildParticipant - Executing resource filtering for ProjectMart
2019-04-20 16:09:40,289 [Worker-44] WARN  o.e.m.c.i.embedder.EclipseLogger - Using platform encoding (UTF-8 actually) to copy filtered resources, i.e. build is platform dependent!
2019-04-20 16:10:13,882 [Worker-49] WARN  o.e.m.c.i.embedder.EclipseLogger - The POM for com.sun.istack:istack-commons-runtime:jar:1.1 is missing, no dependency information available
2019-04-20 16:10:13,883 [Worker-49] WARN  o.e.m.c.i.embedder.EclipseLogger - The POM for woodstox:wstx-asl:jar:3.2.1 is missing, no dependency information available
2019-04-20 16:10:14,271 [Worker-44] INFO  o.e.m.c.i.l.LifecycleMappingFactory - Using org.maven.ide.eclipse.wtp.WarLifecycleMapping lifecycle mapping for MavenProject: org.ankush.webservice:ProjectMart:0.0.1-SNAPSHOT @ /home/ankush/Github/Java-Sample/ProjectMart/pom.xml.
2019-04-20 16:10:14,299 [Worker-44] WARN  o.e.m.c.i.embedder.EclipseLogger - The POM for com.sun.istack:istack-commons-runtime:jar:1.1 is missing, no dependency information available
2019-04-20 16:10:14,300 [Worker-44] WARN  o.e.m.c.i.embedder.EclipseLogger - The POM for woodstox:wstx-asl:jar:3.2.1 is missing, no dependency information available
2019-04-20 16:10:14,341 [Worker-44] WARN  o.e.m.c.i.embedder.EclipseLogger - The POM for com.sun.istack:istack-commons-runtime:jar:1.1 is missing, no dependency information available
2019-04-20 16:10:14,342 [Worker-44] WARN  o.e.m.c.i.embedder.EclipseLogger - The POM for woodstox:wstx-asl:jar:3.2.1 is missing, no dependency information available
2019-04-20 16:10:14,866 [Worker-44] WARN  o.e.m.c.i.embedder.EclipseLogger - Using platform encoding (UTF-8 actually) to copy filtered resources, i.e. build is platform dependent!
2019-04-20 16:10:14,871 [Worker-44] INFO  o.e.m.c.i.embedder.EclipseLogger - Copying 0 resource
2019-04-20 16:10:14,875 [Worker-44] WARN  o.e.m.c.i.embedder.EclipseLogger - Using platform encoding (UTF-8 actually) to copy filtered resources, i.e. build is platform dependent!
2019-04-20 16:10:14,876 [Worker-44] INFO  o.e.m.c.i.embedder.EclipseLogger - skip non existing resourceDirectory /home/ankush/Github/Java-Sample/ProjectMart/src/test/resources
2019-04-20 16:10:14,876 [Worker-44] INFO  o.e.m.w.i.f.ResourceFilteringBuildParticipant - Changed resources require a complete clean of filtered resources of ProjectMart
2019-04-20 16:10:14,876 [Worker-44] INFO  o.e.m.w.i.f.ResourceFilteringBuildParticipant - Executing resource filtering for ProjectMart
2019-04-20 16:10:14,887 [Worker-44] WARN  o.e.m.c.i.embedder.EclipseLogger - Using platform encoding (UTF-8 actually) to copy filtered resources, i.e. build is platform dependent!
2019-04-20 16:10:27,216 [Worker-43] WARN  o.e.m.c.i.embedder.EclipseLogger - The POM for com.sun.istack:istack-commons-runtime:jar:1.1 is missing, no dependency information available
2019-04-20 16:10:27,218 [Worker-43] WARN  o.e.m.c.i.embedder.EclipseLogger - The POM for woodstox:wstx-asl:jar:3.2.1 is missing, no dependency information available
2019-04-20 16:10:27,533 [Worker-48] INFO  o.e.m.c.i.l.LifecycleMappingFactory - Using org.maven.ide.eclipse.wtp.WarLifecycleMapping lifecycle mapping for MavenProject: org.ankush.webservice:ProjectMart:0.0.1-SNAPSHOT @ /home/ankush/Github/Java-Sample/ProjectMart/pom.xml.
2019-04-20 16:10:27,557 [Worker-48] WARN  o.e.m.c.i.embedder.EclipseLogger - The POM for com.sun.istack:istack-commons-runtime:jar:1.1 is missing, no dependency information available
2019-04-20 16:10:27,559 [Worker-48] WARN  o.e.m.c.i.embedder.EclipseLogger - The POM for woodstox:wstx-asl:jar:3.2.1 is missing, no dependency information available
2019-04-20 16:10:27,594 [Worker-48] WARN  o.e.m.c.i.embedder.EclipseLogger - The POM for com.sun.istack:istack-commons-runtime:jar:1.1 is missing, no dependency information available
2019-04-20 16:10:27,595 [Worker-48] WARN  o.e.m.c.i.embedder.EclipseLogger - The POM for woodstox:wstx-asl:jar:3.2.1 is missing, no dependency information available
2019-04-20 16:10:28,119 [Worker-48] WARN  o.e.m.c.i.embedder.EclipseLogger - Using platform encoding (UTF-8 actually) to copy filtered resources, i.e. build is platform dependent!
2019-04-20 16:10:28,121 [Worker-48] INFO  o.e.m.c.i.embedder.EclipseLogger - Copying 0 resource
2019-04-20 16:10:28,124 [Worker-48] WARN  o.e.m.c.i.embedder.EclipseLogger - Using platform encoding (UTF-8 actually) to copy filtered resources, i.e. build is platform dependent!
2019-04-20 16:10:28,124 [Worker-48] INFO  o.e.m.c.i.embedder.EclipseLogger - skip non existing resourceDirectory /home/ankush/Github/Java-Sample/ProjectMart/src/test/resources
2019-04-20 16:10:28,124 [Worker-48] INFO  o.e.m.w.i.f.ResourceFilteringBuildParticipant - Changed resources require a complete clean of filtered resources of ProjectMart
2019-04-20 16:10:28,125 [Worker-48] INFO  o.e.m.w.i.f.ResourceFilteringBuildParticipant - Executing resource filtering for ProjectMart
2019-04-20 16:10:28,128 [Worker-48] WARN  o.e.m.c.i.embedder.EclipseLogger - Using platform encoding (UTF-8 actually) to copy filtered resources, i.e. build is platform dependent!
2019-04-20 16:10:37,383 [Worker-45] WARN  o.e.m.c.i.embedder.EclipseLogger - The POM for com.sun.istack:istack-commons-runtime:jar:1.1 is missing, no dependency information available
2019-04-20 16:10:37,384 [Worker-45] WARN  o.e.m.c.i.embedder.EclipseLogger - The POM for woodstox:wstx-asl:jar:3.2.1 is missing, no dependency information available
2019-04-20 16:10:37,810 [Worker-49] INFO  o.e.m.c.i.l.LifecycleMappingFactory - Using org.maven.ide.eclipse.wtp.WarLifecycleMapping lifecycle mapping for MavenProject: org.ankush.webservice:ProjectMart:0.0.1-SNAPSHOT @ /home/ankush/Github/Java-Sample/ProjectMart/pom.xml.
2019-04-20 16:10:37,843 [Worker-49] WARN  o.e.m.c.i.embedder.EclipseLogger - The POM for com.sun.istack:istack-commons-runtime:jar:1.1 is missing, no dependency information available
2019-04-20 16:10:37,844 [Worker-49] WARN  o.e.m.c.i.embedder.EclipseLogger - The POM for woodstox:wstx-asl:jar:3.2.1 is missing, no dependency information available
2019-04-20 16:10:37,897 [Worker-49] WARN  o.e.m.c.i.embedder.EclipseLogger - The POM for com.sun.istack:istack-commons-runtime:jar:1.1 is missing, no dependency information available
2019-04-20 16:10:37,898 [Worker-49] WARN  o.e.m.c.i.embedder.EclipseLogger - The POM for woodstox:wstx-asl:jar:3.2.1 is missing, no dependency information available
2019-04-20 16:10:38,500 [Worker-49] WARN  o.e.m.c.i.embedder.EclipseLogger - Using platform encoding (UTF-8 actually) to copy filtered resources, i.e. build is platform dependent!
2019-04-20 16:10:38,503 [Worker-49] INFO  o.e.m.c.i.embedder.EclipseLogger - Copying 0 resource
2019-04-20 16:10:38,505 [Worker-49] WARN  o.e.m.c.i.embedder.EclipseLogger - Using platform encoding (UTF-8 actually) to copy filtered resources, i.e. build is platform dependent!
2019-04-20 16:10:38,506 [Worker-49] INFO  o.e.m.c.i.embedder.EclipseLogger - skip non existing resourceDirectory /home/ankush/Github/Java-Sample/ProjectMart/src/test/resources
2019-04-20 16:10:38,506 [Worker-49] INFO  o.e.m.w.i.f.ResourceFilteringBuildParticipant - Changed resources require a complete clean of filtered resources of ProjectMart
2019-04-20 16:10:38,506 [Worker-49] INFO  o.e.m.w.i.f.ResourceFilteringBuildParticipant - Executing resource filtering for ProjectMart
2019-04-20 16:10:38,510 [Worker-49] WARN  o.e.m.c.i.embedder.EclipseLogger - Using platform encoding (UTF-8 actually) to copy filtered resources, i.e. build is platform dependent!
2019-04-20 16:10:55,449 [Worker-49] WARN  o.e.m.c.i.embedder.EclipseLogger - The POM for com.sun.istack:istack-commons-runtime:jar:1.1 is missing, no dependency information available
2019-04-20 16:10:55,453 [Worker-49] WARN  o.e.m.c.i.embedder.EclipseLogger - The POM for woodstox:wstx-asl:jar:3.2.1 is missing, no dependency information available
2019-04-20 16:10:55,717 [Worker-49] WARN  o.e.m.c.i.embedder.EclipseLogger - Using platform encoding (UTF-8 actually) to copy filtered resources, i.e. build is platform dependent!
2019-04-20 16:10:55,723 [Worker-49] INFO  o.e.m.c.i.embedder.EclipseLogger - Copying 0 resource
2019-04-20 16:10:55,727 [Worker-49] WARN  o.e.m.c.i.embedder.EclipseLogger - Using platform encoding (UTF-8 actually) to copy filtered resources, i.e. build is platform dependent!
2019-04-20 16:10:55,728 [Worker-49] INFO  o.e.m.c.i.embedder.EclipseLogger - skip non existing resourceDirectory /home/ankush/Github/Java-Sample/ProjectMart/src/test/resources
2019-04-20 16:11:08,686 [Worker-44] WARN  o.e.m.c.i.embedder.EclipseLogger - Using platform encoding (UTF-8 actually) to copy filtered resources, i.e. build is platform dependent!
2019-04-20 16:11:08,687 [Worker-44] INFO  o.e.m.c.i.embedder.EclipseLogger - Copying 0 resource
2019-04-20 16:11:08,696 [Worker-44] WARN  o.e.m.c.i.embedder.EclipseLogger - Using platform encoding (UTF-8 actually) to copy filtered resources, i.e. build is platform dependent!
2019-04-20 16:11:08,696 [Worker-44] INFO  o.e.m.c.i.embedder.EclipseLogger - skip non existing resourceDirectory /home/ankush/Github/Java-Sample/ProjectMart/src/test/resources
2019-04-20 16:11:45,487 [Worker-45] INFO  o.e.m.i.launch.MavenLaunchDelegate - /home/ankush/Github/Java-Sample/ProjectMart
2019-04-20 16:11:45,487 [Worker-45] INFO  o.e.m.i.launch.MavenLaunchDelegate -  mvn -B install
2019-04-20 16:11:55,656 [Worker-50] WARN  o.e.m.c.i.embedder.EclipseLogger - Using platform encoding (UTF-8 actually) to copy filtered resources, i.e. build is platform dependent!
2019-04-20 16:11:55,657 [Worker-50] INFO  o.e.m.c.i.embedder.EclipseLogger - Copying 0 resource
2019-04-20 16:11:55,659 [Worker-50] WARN  o.e.m.c.i.embedder.EclipseLogger - Using platform encoding (UTF-8 actually) to copy filtered resources, i.e. build is platform dependent!
2019-04-20 16:11:55,660 [Worker-50] INFO  o.e.m.c.i.embedder.EclipseLogger - skip non existing resourceDirectory /home/ankush/Github/Java-Sample/ProjectMart/src/test/resources
2019-04-20 16:11:55,660 [Worker-50] INFO  o.e.m.w.i.f.ResourceFilteringBuildParticipant - Changed resources require a complete clean of filtered resources of ProjectMart
2019-04-20 16:11:55,660 [Worker-50] INFO  o.e.m.w.i.f.ResourceFilteringBuildParticipant - Executing resource filtering for ProjectMart
2019-04-20 16:11:55,667 [Worker-50] WARN  o.e.m.c.i.embedder.EclipseLogger - Using platform encoding (UTF-8 actually) to copy filtered resources, i.e. build is platform dependent!
2019-04-20 16:14:30,361 [Worker-49] INFO  o.e.m.c.i.l.LifecycleMappingFactory - Using org.maven.ide.eclipse.wtp.WarLifecycleMapping lifecycle mapping for MavenProject: org.ankush.webservice:ProjectMart:0.0.1-SNAPSHOT @ /home/ankush/Github/Java-Sample/ProjectMart/pom.xml.
2019-04-20 16:14:30,404 [Worker-49] WARN  o.e.m.c.i.embedder.EclipseLogger - The POM for com.sun.istack:istack-commons-runtime:jar:1.1 is missing, no dependency information available
2019-04-20 16:14:30,406 [Worker-49] WARN  o.e.m.c.i.embedder.EclipseLogger - The POM for woodstox:wstx-asl:jar:3.2.1 is missing, no dependency information available
2019-04-20 16:14:30,469 [Worker-49] WARN  o.e.m.c.i.embedder.EclipseLogger - The POM for com.sun.istack:istack-commons-runtime:jar:1.1 is missing, no dependency information available
2019-04-20 16:14:30,470 [Worker-49] WARN  o.e.m.c.i.embedder.EclipseLogger - The POM for woodstox:wstx-asl:jar:3.2.1 is missing, no dependency information available
2019-04-20 16:14:31,261 [Worker-49] WARN  o.e.m.c.i.embedder.EclipseLogger - Using platform encoding (UTF-8 actually) to copy filtered resources, i.e. build is platform dependent!
2019-04-20 16:14:31,265 [Worker-49] INFO  o.e.m.c.i.embedder.EclipseLogger - Copying 0 resource
2019-04-20 16:14:31,268 [Worker-49] WARN  o.e.m.c.i.embedder.EclipseLogger - Using platform encoding (UTF-8 actually) to copy filtered resources, i.e. build is platform dependent!
2019-04-20 16:14:31,269 [Worker-49] INFO  o.e.m.c.i.embedder.EclipseLogger - skip non existing resourceDirectory /home/ankush/Github/Java-Sample/ProjectMart/src/test/resources
2019-04-20 16:14:31,269 [Worker-49] INFO  o.e.m.w.i.f.ResourceFilteringBuildParticipant - Changed resources require a complete clean of filtered resources of ProjectMart
2019-04-20 16:14:31,270 [Worker-49] INFO  o.e.m.w.i.f.ResourceFilteringBuildParticipant - Executing resource filtering for ProjectMart
2019-04-20 16:14:31,278 [Worker-49] WARN  o.e.m.c.i.embedder.EclipseLogger - Using platform encoding (UTF-8 actually) to copy filtered resources, i.e. build is platform dependent!
2019-04-20 16:14:41,498 [Worker-49] INFO  o.e.m.i.launch.MavenLaunchDelegate - /home/ankush/Github/Java-Sample/ProjectMart
2019-04-20 16:14:41,498 [Worker-49] INFO  o.e.m.i.launch.MavenLaunchDelegate -  mvn -B install
2019-04-20 16:14:50,452 [Worker-50] WARN  o.e.m.c.i.embedder.EclipseLogger - The POM for com.sun.istack:istack-commons-runtime:jar:1.1 is missing, no dependency information available
2019-04-20 16:14:50,453 [Worker-50] WARN  o.e.m.c.i.embedder.EclipseLogger - The POM for woodstox:wstx-asl:jar:3.2.1 is missing, no dependency information available
2019-04-20 16:14:50,566 [Worker-50] WARN  o.e.m.c.i.embedder.EclipseLogger - Using platform encoding (UTF-8 actually) to copy filtered resources, i.e. build is platform dependent!
2019-04-20 16:14:50,569 [Worker-50] INFO  o.e.m.c.i.embedder.EclipseLogger - Copying 0 resource
2019-04-20 16:14:50,570 [Worker-50] WARN  o.e.m.c.i.embedder.EclipseLogger - Using platform encoding (UTF-8 actually) to copy filtered resources, i.e. build is platform dependent!
2019-04-20 16:14:50,571 [Worker-50] INFO  o.e.m.c.i.embedder.EclipseLogger - skip non existing resourceDirectory /home/ankush/Github/Java-Sample/ProjectMart/src/test/resources
